This is pdfTeX, Version 3.141592653-2.6-1.40.24 (MiKTeX 22.3) (preloaded format=pdflatex 2022.7.24)  29 OCT 2022 20:34
entering extended mode
 restricted \write18 enabled.
 %&-line parsing enabled.
**./refman.tex
(refman.tex
LaTeX2e <2021-11-15> patch level 1
L3 programming layer <2022-02-24> (C:\opt\MiKTeX\tex/latex/base\book.cls
Document Class: book 2021/10/04 v1.4n Standard LaTeX document class
(C:\opt\MiKTeX\tex/latex/base\bk10.clo
File: bk10.clo 2021/10/04 v1.4n Standard LaTeX file (size option)
)
\c@part=\count185
\c@chapter=\count186
\c@section=\count187
\c@subsection=\count188
\c@subsubsection=\count189
\c@paragraph=\count190
\c@subparagraph=\count191
\c@figure=\count192
\c@table=\count193
\abovecaptionskip=\skip47
\belowcaptionskip=\skip48
\bibindent=\dimen138
)
(C:\opt\MiKTeX\tex/latex/base\ifthen.sty
Package: ifthen 2020/11/24 v1.1c Standard LaTeX ifthen package (DPC)
)
(C:\opt\MiKTeX\tex/latex/tools\array.sty
Rollback for package 'array' requested -> date 2016-10-06.
         Best approximation is the release introduced on 2016-10-06.

(C:\opt\MiKTeX\tex/latex/tools\array-2016-10-06.sty
Package: array 2016/10/06 v2.4d Tabular extension package (FMi)
\col@sep=\dimen139
\extrarowheight=\dimen140
\NC@list=\toks16
\extratabsurround=\skip49
\backup@length=\skip50
))
(C:\opt\MiKTeX\tex/latex/base\fixltx2e.sty
Package: fixltx2e 2016/12/29 v2.1a fixes to LaTeX (obsolete)
Applying: [2015/01/01] Old fixltx2e package on input line 46.


Package fixltx2e Warning: fixltx2e is not required with releases after 2015
(fixltx2e)                All fixes are now in the LaTeX kernel.
(fixltx2e)                See the latexrelease package for details.

Already applied: [0000/00/00] Old fixltx2e package on input line 53.
) (doxygen.sty
Package: doxygen 
 (C:\opt\MiKTeX\tex/latex/base\alltt.sty
Package: alltt 2021/01/29 v2.0g defines alltt environment
)
(C:\opt\MiKTeX\tex/latex/tools\calc.sty
Package: calc 2017/05/25 v4.3 Infix arithmetic (KKT,FJ)
\calc@Acount=\count194
\calc@Bcount=\count195
\calc@Adimen=\dimen141
\calc@Bdimen=\dimen142
\calc@Askip=\skip51
\calc@Bskip=\skip52
LaTeX Info: Redefining \setlength on input line 80.
LaTeX Info: Redefining \addtolength on input line 81.
\calc@Ccount=\count196
\calc@Cskip=\skip53
)
(C:\opt\MiKTeX\tex/latex/float\float.sty
Package: float 2001/11/08 v1.3d Float enhancements (AL)
\c@float@type=\count197
\float@exts=\toks17
\float@box=\box50
\@float@everytoks=\toks18
\@floatcapt=\box51
)
(C:\opt\MiKTeX\tex/latex/tools\verbatim.sty
Package: verbatim 2020-07-07 v1.5u LaTeX2e package for verbatim enhancements
\every@verbatim=\toks19
\verbatim@line=\toks20
\verbatim@in@stream=\read2
)
(C:\opt\MiKTeX\tex/latex/xcolor\xcolor.sty
Package: xcolor 2021/10/31 v2.13 LaTeX color extensions (UK)

(C:\opt\MiKTeX\tex/latex/graphics-cfg\color.cfg
File: color.cfg 2016/01/02 v1.6 sample color configuration
)
Package xcolor Info: Driver file: pdftex.def on input line 227.

(C:\opt\MiKTeX\tex/latex/graphics-def\pdftex.def
File: pdftex.def 2020/10/05 v1.2a Graphics/color driver for pdftex
)
(C:\opt\MiKTeX\tex/latex/colortbl\colortbl.sty
Package: colortbl 2022/06/20 v1.0f Color table columns (DPC)
\everycr=\toks21
\minrowclearance=\skip54
\rownum=\count198
)
Package xcolor Info: Model `cmy' substituted by `cmy0' on input line 1352.
Package xcolor Info: Model `hsb' substituted by `rgb' on input line 1356.
Package xcolor Info: Model `RGB' extended on input line 1368.
Package xcolor Info: Model `HTML' substituted by `rgb' on input line 1370.
Package xcolor Info: Model `Hsb' substituted by `hsb' on input line 1371.
Package xcolor Info: Model `tHsb' substituted by `hsb' on input line 1372.
Package xcolor Info: Model `HSB' substituted by `hsb' on input line 1373.
Package xcolor Info: Model `Gray' substituted by `gray' on input line 1374.
Package xcolor Info: Model `wave' substituted by `hsb' on input line 1375.
) (longtable_doxygen.sty
Package: longtable_doxygen 2014/10/28 v4.11 Multi-page Table package (DPC) - fr
ozen version for doxygen
\LTleft=\skip55
\LTright=\skip56
\LTpre=\skip57
\LTpost=\skip58
\LTchunksize=\count199
\LTcapwidth=\dimen143
\LT@head=\box52
\LT@firsthead=\box53
\LT@foot=\box54
\LT@lastfoot=\box55
\LT@cols=\count266
\LT@rows=\count267
\c@LT@tables=\count268
\c@LT@chunks=\count269
\LT@p@ftn=\toks22
)
(tabu_doxygen.sty
Package: tabu_doxygen 2011/02/26 v2.8 - flexible LaTeX tabulars (FC), frozen ve
rsion for doxygen
 (C:\opt\MiKTeX\tex/latex/varwidth\varwidth.sty
Package: varwidth 2009/03/30 ver 0.92;  Variable-width minipages
\@vwid@box=\box56
\sift@deathcycles=\count270
\@vwid@loff=\dimen144
\@vwid@roff=\dimen145
)
\c@taburow=\count271
\tabu@nbcols=\count272
\tabu@cnt=\count273
\tabu@Xcol=\count274
\tabu@alloc=\count275
\tabu@nested=\count276
\tabu@target=\dimen146
\tabu@spreadtarget=\dimen147
\tabu@naturalX=\dimen148
\tabucolX=\dimen149
\tabu@Xsum=\dimen150
\extrarowdepth=\dimen151
\abovetabulinesep=\dimen152
\belowtabulinesep=\dimen153
\tabustrutrule=\dimen154
\tabu@thebody=\toks23
\tabu@footnotes=\toks24
\tabu@box=\box57
\tabu@arstrutbox=\box58
\tabu@hleads=\box59
\tabu@vleads=\box60
\tabu@cellskip=\skip59
)
(C:\opt\MiKTeX\tex/latex/fancyvrb\fancyvrb.sty
Package: fancyvrb 2022/06/06 4.5 verbatim text (tvz,hv)

(C:\opt\MiKTeX\tex/latex/graphics\keyval.sty
Package: keyval 2014/10/28 v1.15 key=value parser (DPC)
\KV@toks@=\toks25
)
\FV@CodeLineNo=\count277
\FV@InFile=\read3
\FV@TabBox=\box61
\c@FancyVerbLine=\count278
\FV@StepNumber=\count279
\FV@OutFile=\write3
)
(C:\opt\MiKTeX\tex/latex/tools\tabularx.sty
Package: tabularx 2020/01/15 v2.11c `tabularx' package (DPC)
\TX@col@width=\dimen155
\TX@old@table=\dimen156
\TX@old@col=\dimen157
\TX@target=\dimen158
\TX@delta=\dimen159
\TX@cols=\count280
\TX@ftn=\toks26
)
(C:\opt\MiKTeX\tex/latex/tools\multicol.sty
Package: multicol 2021/10/28 v1.9b multicolumn formatting (FMi)
\c@tracingmulticols=\count281
\mult@box=\box62
\multicol@leftmargin=\dimen160
\c@unbalance=\count282
\c@collectmore=\count283
\doublecol@number=\count284
\multicoltolerance=\count285
\multicolpretolerance=\count286
\full@width=\dimen161
\page@free=\dimen162
\premulticols=\dimen163
\postmulticols=\dimen164
\multicolsep=\skip60
\multicolbaselineskip=\skip61
\partial@page=\box63
\last@line=\box64
\maxbalancingoverflow=\dimen165
\mult@rightbox=\box65
\mult@grightbox=\box66
\mult@firstbox=\box67
\mult@gfirstbox=\box68
\@tempa=\box69
\@tempa=\box70
\@tempa=\box71
\@tempa=\box72
\@tempa=\box73
\@tempa=\box74
\@tempa=\box75
\@tempa=\box76
\@tempa=\box77
\@tempa=\box78
\@tempa=\box79
\@tempa=\box80
\@tempa=\box81
\@tempa=\box82
\@tempa=\box83
\@tempa=\box84
\@tempa=\box85
\@tempa=\box86
\@tempa=\box87
\@tempa=\box88
\@tempa=\box89
\@tempa=\box90
\@tempa=\box91
\@tempa=\box92
\@tempa=\box93
\@tempa=\box94
\@tempa=\box95
\@tempa=\box96
\@tempa=\box97
\@tempa=\box98
\@tempa=\box99
\@tempa=\box100
\@tempa=\box101
\@tempa=\box102
\@tempa=\box103
\@tempa=\box104
\c@minrows=\count287
\c@columnbadness=\count288
\c@finalcolumnbadness=\count289
\last@try=\dimen166
\multicolovershoot=\dimen167
\multicolundershoot=\dimen168
\mult@nat@firstbox=\box105
\colbreak@box=\box106
\mc@col@check@num=\count290
)
(C:\opt\MiKTeX\tex/latex/multirow\multirow.sty
Package: multirow 2021/03/15 v2.8 Span multiple rows of a table
\multirow@colwidth=\skip62
\multirow@cntb=\count291
\multirow@dima=\skip63
\bigstrutjot=\dimen169
)
(C:\opt\MiKTeX\tex/latex/hanging\hanging.sty
Package: hanging 2009/09/02 v1.2b hanging paragraphs and punctuation
\h@ngcommawd=\skip64
\h@ngfstopwd=\skip65
\h@ngquotewd=\skip66
\h@ngdquotewd=\skip67
\h@ngquerywd=\skip68
\h@ngexclwd=\skip69
\h@ngcolonwd=\skip70
\h@ngscolonwd=\skip71
)
(C:\opt\MiKTeX\tex/generic/iftex\ifpdf.sty
Package: ifpdf 2019/10/25 v3.4 ifpdf legacy package. Use iftex instead.

(C:\opt\MiKTeX\tex/generic/iftex\iftex.sty
Package: iftex 2022/02/03 v1.0f TeX engine tests
))
(C:\opt\MiKTeX\tex/latex/adjustbox\adjustbox.sty
Package: adjustbox 2020/08/19 v1.3 Adjusting TeX boxes (trim, clip, ...)

(C:\opt\MiKTeX\tex/latex/xkeyval\xkeyval.sty
Package: xkeyval 2020/11/20 v2.8 package option processing (HA)

(C:\opt\MiKTeX\tex/generic/xkeyval\xkeyval.tex
(C:\opt\MiKTeX\tex/generic/xkeyval\xkvutils.tex
\XKV@toks=\toks27
\XKV@tempa@toks=\toks28
)
\XKV@depth=\count292
File: xkeyval.tex 2014/12/03 v2.7a key=value parser (HA)
))
(C:\opt\MiKTeX\tex/latex/adjustbox\adjcalc.sty
Package: adjcalc 2012/05/16 v1.1 Provides advanced setlength with multiple back
-ends (calc, etex, pgfmath)
)
(C:\opt\MiKTeX\tex/latex/adjustbox\trimclip.sty
Package: trimclip 2020/08/19 v1.2 Trim and clip general TeX material

(C:\opt\MiKTeX\tex/latex/graphics\graphicx.sty
Package: graphicx 2021/09/16 v1.2d Enhanced LaTeX Graphics (DPC,SPQR)

(C:\opt\MiKTeX\tex/latex/graphics\graphics.sty
Package: graphics 2021/03/04 v1.4d Standard LaTeX Graphics (DPC,SPQR)

(C:\opt\MiKTeX\tex/latex/graphics\trig.sty
Package: trig 2021/08/11 v1.11 sin cos tan (DPC)
)
(C:\opt\MiKTeX\tex/latex/graphics-cfg\graphics.cfg
File: graphics.cfg 2016/06/04 v1.11 sample graphics configuration
)
Package graphics Info: Driver file: pdftex.def on input line 107.
)
\Gin@req@height=\dimen170
\Gin@req@width=\dimen171
)
(C:\opt\MiKTeX\tex/latex/collectbox\collectbox.sty
Package: collectbox 2012/05/17 v0.4b Collect macro arguments as boxes
\collectedbox=\box107
)
\tc@llx=\dimen172
\tc@lly=\dimen173
\tc@urx=\dimen174
\tc@ury=\dimen175
Package trimclip Info: Using driver 'tc-pdftex.def'.

(C:\opt\MiKTeX\tex/latex/adjustbox\tc-pdftex.def
File: tc-pdftex.def 2019/01/04 v2.2 Clipping driver for pdftex
))
\adjbox@Width=\dimen176
\adjbox@Height=\dimen177
\adjbox@Depth=\dimen178
\adjbox@Totalheight=\dimen179
\adjbox@pwidth=\dimen180
\adjbox@pheight=\dimen181
\adjbox@pdepth=\dimen182
\adjbox@ptotalheight=\dimen183

(C:\opt\MiKTeX\tex/latex/ifoddpage\ifoddpage.sty
Package: ifoddpage 2016/04/23 v1.1 Conditionals for odd/even page detection
\c@checkoddpage=\count293
))
(C:\opt\MiKTeX\tex/latex/amsfonts\amssymb.sty
Package: amssymb 2013/01/14 v3.01 AMS font symbols

(C:\opt\MiKTeX\tex/latex/amsfonts\amsfonts.sty
Package: amsfonts 2013/01/14 v3.01 Basic AMSFonts support
\@emptytoks=\toks29
\symAMSa=\mathgroup4
\symAMSb=\mathgroup5
LaTeX Font Info:    Redeclaring math symbol \hbar on input line 98.
LaTeX Font Info:    Overwriting math alphabet `\mathfrak' in version `bold'
(Font)                  U/euf/m/n --> U/euf/b/n on input line 106.
))
(C:\opt\MiKTeX\tex/latex/stackengine\stackengine.sty
Package: stackengine 2021/07/22 v4.11\ Stacking text and objects in convenient 
ways

(C:\opt\MiKTeX\tex/latex/etoolbox\etoolbox.sty
Package: etoolbox 2020/10/05 v2.5k e-TeX tools for LaTeX (JAW)
\etb@tempcnta=\count294
)
(C:\opt\MiKTeX\tex/latex/listofitems\listofitems.sty
(C:\opt\MiKTeX\tex/generic/listofitems\listofitems.tex
\loi_cnt_foreach_nest=\count295
\loi_nestcnt=\count296
)
Package: listofitems 2019/08/21 v1.63 Grab items in lists using user-specified 
sep char (CT)
)
\c@@stackindex=\count297
\@boxshift=\skip72
\stack@tmplength=\skip73
\temp@stkl=\skip74
\@stackedboxwidth=\skip75
\@addedbox=\box108
\@anchorbox=\box109
\@insetbox=\box110
\se@backgroundbox=\box111
\stackedbox=\box112
\@centerbox=\box113
\c@ROWcellindex@=\count298
)
(C:\opt\MiKTeX\tex/latex/enumitem\enumitem.sty
Package: enumitem 2019/06/20 v3.9 Customized lists
\labelindent=\skip76
\enit@outerparindent=\dimen184
\enit@toks=\toks30
\enit@inbox=\box114
\enit@count@id=\count299
\enitdp@description=\count300
)
(C:\opt\MiKTeX\tex/generic/alphalph\alphalph.sty
Package: alphalph 2019/12/09 v2.6 Convert numbers to letters (HO)

(C:\opt\MiKTeX\tex/generic/infwarerr\infwarerr.sty
Package: infwarerr 2019/12/03 v1.5 Providing info/warning/error messages (HO)
)
(C:\opt\MiKTeX\tex/generic/intcalc\intcalc.sty
Package: intcalc 2019/12/15 v1.3 Expandable calculations with integers (HO)
))
(C:\opt\MiKTeX\tex/latex/ulem\ulem.sty
\UL@box=\box115
\UL@hyphenbox=\box116
\UL@skip=\skip77
\UL@hook=\toks31
\UL@height=\dimen185
\UL@pe=\count301
\UL@pixel=\dimen186
\ULC@box=\box117
Package: ulem 2019/11/18
\ULdepth=\dimen187
)
\xrefbox=\box118
\xreflength=\skip78
\CodeWidthChar=\skip79
\CodeHeightChar=\skip80
\DoxyCodeWidth=\skip81
\c@DoxyEnumeratei=\count302
\c@DoxyEnumerateii=\count303
\c@DoxyEnumerateiii=\count304
\c@DoxyEnumerateiv=\count305
\c@DoxyEnumeratev=\count306
\c@DoxyEnumeratevi=\count307
\c@DoxyEnumeratevii=\count308
\c@DoxyEnumerateviii=\count309
\c@DoxyEnumerateix=\count310
\c@DoxyEnumeratex=\count311
\c@DoxyEnumeratexi=\count312
\c@DoxyEnumeratexii=\count313
\enitdp@DoxyEnumerate=\count314
\enitdp@DoxyItemize=\count315
)
(C:\opt\MiKTeX\tex/latex/base\inputenc.sty
Package: inputenc 2021/02/14 v1.3d Input encoding file
\inpenc@prehook=\toks32
\inpenc@posthook=\toks33
)
(C:\opt\MiKTeX\tex/latex/base\makeidx.sty
Package: makeidx 2021/10/04 v1.0m Standard LaTeX package
)
(C:\opt\MiKTeX\tex/latex/base\textcomp.sty
Package: textcomp 2020/02/02 v2.0n Standard LaTeX package
)
(C:\opt\MiKTeX\tex/latex/wasysym\wasysym.sty
Package: wasysym 2020/01/19 v2.4 Wasy-2 symbol support package
\symwasy=\mathgroup6
LaTeX Font Info:    Overwriting symbol font `wasy' in version `bold'
(Font)                  U/wasy/m/n --> U/wasy/b/n on input line 93.
)
(C:\opt\MiKTeX\tex/generic/iftex\ifxetex.sty
Package: ifxetex 2019/10/25 v0.7 ifxetex legacy package. Use iftex instead.
)
(C:\opt\MiKTeX\tex/latex/base\fontenc.sty
Package: fontenc 2021/04/29 v2.0v Standard LaTeX package
)
(C:\opt\MiKTeX\tex/latex/psnfss\helvet.sty
Package: helvet 2020/03/25 PSNFSS-v9.3 (WaS) 
)
(C:\opt\MiKTeX\tex/latex/psnfss\courier.sty
Package: courier 2020/03/25 PSNFSS-v9.3 (WaS) 
)
(C:\opt\MiKTeX\tex/latex/sectsty\sectsty.sty
Package: sectsty 2002/02/25 v2.0.2 Commands to change all sectional heading sty
les


LaTeX Warning: Command \underbar  has changed.
               Check if current package is valid.


LaTeX Warning: Command \underline  has changed.
               Check if current package is valid.

) (C:\opt\MiKTeX\tex/latex/geometry\geometry.sty
Package: geometry 2020/01/02 v5.9 Page Geometry

(C:\opt\MiKTeX\tex/generic/iftex\ifvtex.sty
Package: ifvtex 2019/10/25 v1.7 ifvtex legacy package. Use iftex instead.
)
\Gm@cnth=\count316
\Gm@cntv=\count317
\c@Gm@tempcnt=\count318
\Gm@bindingoffset=\dimen188
\Gm@wd@mp=\dimen189
\Gm@odd@mp=\dimen190
\Gm@even@mp=\dimen191
\Gm@layoutwidth=\dimen192
\Gm@layoutheight=\dimen193
\Gm@layouthoffset=\dimen194
\Gm@layoutvoffset=\dimen195
\Gm@dimlist=\toks34

(C:\opt\MiKTeX\tex/latex/geometry\geometry.cfg))
(C:\opt\MiKTeX\tex/latex/fancyhdr\fancyhdr.sty
Package: fancyhdr 2021/01/28 v4.0.1 Extensive control of page headers and foote
rs
\f@nch@headwidth=\skip82
\f@nch@O@elh=\skip83
\f@nch@O@erh=\skip84
\f@nch@O@olh=\skip85
\f@nch@O@orh=\skip86
\f@nch@O@elf=\skip87
\f@nch@O@erf=\skip88
\f@nch@O@olf=\skip89
\f@nch@O@orf=\skip90
)
(C:\opt\MiKTeX\tex/latex/natbib\natbib.sty
Package: natbib 2010/09/13 8.31b (PWD, AO)
\bibhang=\skip91
\bibsep=\skip92
LaTeX Info: Redefining \cite on input line 694.
\c@NAT@ctr=\count319
)
(C:\opt\MiKTeX\tex/latex/tocloft\tocloft.sty
Package: tocloft 2017/08/31 v2.3i parameterised ToC, etc., typesetting
Package tocloft Info: The document has chapter divisions on input line 51.
\cftparskip=\skip93
\cftbeforetoctitleskip=\skip94
\cftaftertoctitleskip=\skip95
\cftbeforepartskip=\skip96
\cftpartnumwidth=\skip97
\cftpartindent=\skip98
\cftbeforechapskip=\skip99
\cftchapindent=\skip100
\cftchapnumwidth=\skip101
\cftbeforesecskip=\skip102
\cftsecindent=\skip103
\cftsecnumwidth=\skip104
\cftbeforesubsecskip=\skip105
\cftsubsecindent=\skip106
\cftsubsecnumwidth=\skip107
\cftbeforesubsubsecskip=\skip108
\cftsubsubsecindent=\skip109
\cftsubsubsecnumwidth=\skip110
\cftbeforeparaskip=\skip111
\cftparaindent=\skip112
\cftparanumwidth=\skip113
\cftbeforesubparaskip=\skip114
\cftsubparaindent=\skip115
\cftsubparanumwidth=\skip116
\cftbeforeloftitleskip=\skip117
\cftafterloftitleskip=\skip118
\cftbeforefigskip=\skip119
\cftfigindent=\skip120
\cftfignumwidth=\skip121
\c@lofdepth=\count320
\c@lotdepth=\count321
\cftbeforelottitleskip=\skip122
\cftafterlottitleskip=\skip123
\cftbeforetabskip=\skip124
\cfttabindent=\skip125
\cfttabnumwidth=\skip126
)
\@indexfile=\write4
\openout4 = `refman.idx'.


Writing index file refman.idx
(C:\opt\MiKTeX\tex/latex/newunicodechar\newunicodechar.sty
Package: newunicodechar 2018/04/08 v1.2 Defining Unicode characters
)

Package newunicodechar Warning: Redefining Unicode character on input line 116.



Package newunicodechar Warning: Redefining Unicode character on input line 117.


(C:\opt\MiKTeX\tex/latex/hyperref\hyperref.sty
Package: hyperref 2022-02-21 v7.00n Hypertext links for LaTeX

(C:\opt\MiKTeX\tex/generic/ltxcmds\ltxcmds.sty
Package: ltxcmds 2020-05-10 v1.25 LaTeX kernel commands for general use (HO)
)
(C:\opt\MiKTeX\tex/generic/pdftexcmds\pdftexcmds.sty
Package: pdftexcmds 2020-06-27 v0.33 Utility functions of pdfTeX for LuaTeX (HO
)
Package pdftexcmds Info: \pdf@primitive is available.
Package pdftexcmds Info: \pdf@ifprimitive is available.
Package pdftexcmds Info: \pdfdraftmode found.
)
(C:\opt\MiKTeX\tex/generic/kvsetkeys\kvsetkeys.sty
Package: kvsetkeys 2019/12/15 v1.18 Key value parser (HO)
)
(C:\opt\MiKTeX\tex/generic/kvdefinekeys\kvdefinekeys.sty
Package: kvdefinekeys 2019-12-19 v1.6 Define keys (HO)
)
(C:\opt\MiKTeX\tex/generic/pdfescape\pdfescape.sty
Package: pdfescape 2019/12/09 v1.15 Implements pdfTeX's escape features (HO)
)
(C:\opt\MiKTeX\tex/latex/hycolor\hycolor.sty
Package: hycolor 2020-01-27 v1.10 Color options for hyperref/bookmark (HO)
)
(C:\opt\MiKTeX\tex/latex/letltxmacro\letltxmacro.sty
Package: letltxmacro 2019/12/03 v1.6 Let assignment for LaTeX macros (HO)
)
(C:\opt\MiKTeX\tex/latex/auxhook\auxhook.sty
Package: auxhook 2019-12-17 v1.6 Hooks for auxiliary files (HO)
)
(C:\opt\MiKTeX\tex/latex/kvoptions\kvoptions.sty
Package: kvoptions 2020-10-07 v3.14 Key value format for package options (HO)
)
\@linkdim=\dimen196
\Hy@linkcounter=\count322
\Hy@pagecounter=\count323

(C:\opt\MiKTeX\tex/latex/hyperref\pd1enc.def
File: pd1enc.def 2022-02-21 v7.00n Hyperref: PDFDocEncoding definition (HO)
Now handling font encoding PD1 ...
... no UTF-8 mapping file for font encoding PD1
)
(C:\opt\MiKTeX\tex/generic/etexcmds\etexcmds.sty
Package: etexcmds 2019/12/15 v1.7 Avoid name clashes with e-TeX commands (HO)
)
\Hy@SavedSpaceFactor=\count324

(C:\opt\MiKTeX\tex/latex/hyperref\puenc.def
File: puenc.def 2022-02-21 v7.00n Hyperref: PDF Unicode definition (HO)
Now handling font encoding PU ...
... no UTF-8 mapping file for font encoding PU
)
Package hyperref Info: Hyper figures OFF on input line 4137.
Package hyperref Info: Link nesting OFF on input line 4142.
Package hyperref Info: Hyper index ON on input line 4145.
Package hyperref Info: Plain pages OFF on input line 4152.
Package hyperref Info: Backreferencing ON on input line 4155.
Package hyperref Info: Implicit mode ON; LaTeX internals redefined.
Package hyperref Info: Bookmarks ON on input line 4390.

(C:\opt\MiKTeX\tex/latex/hyperref\backref.sty
Package: backref 2021/02/04 v1.41 Bibliographical back referencing

(C:\opt\MiKTeX\tex/latex/rerunfilecheck\rerunfilecheck.sty
Package: rerunfilecheck 2022-07-10 v1.10 Rerun checks for auxiliary files (HO)

(C:\opt\MiKTeX\tex/latex/base\atveryend-ltx.sty
Package: atveryend-ltx 2020/08/19 v1.0a Emulation of the original atveryend pac
kage
with kernel methods
)
(C:\opt\MiKTeX\tex/generic/uniquecounter\uniquecounter.sty
Package: uniquecounter 2019/12/15 v1.4 Provide unlimited unique counter (HO)

(C:\opt\MiKTeX\tex/generic/bigintcalc\bigintcalc.sty
Package: bigintcalc 2019/12/15 v1.5 Expandable calculations on big integers (HO
)
))
Package uniquecounter Info: New unique counter `rerunfilecheck' on input line 2
85.
))
\c@Hy@tempcnt=\count325

(C:\opt\MiKTeX\tex/latex/url\url.sty
\Urlmuskip=\muskip16
Package: url 2013/09/16  ver 3.4  Verb mode for urls, etc.
)
LaTeX Info: Redefining \url on input line 4749.
\XeTeXLinkMargin=\dimen197

(C:\opt\MiKTeX\tex/generic/bitset\bitset.sty
Package: bitset 2019/12/09 v1.3 Handle bit-vector datatype (HO)
)
\Fld@menulength=\count326
\Field@Width=\dimen198
\Fld@charsize=\dimen199
Package hyperref Info: Hyper figures OFF on input line 6027.
Package hyperref Info: Link nesting OFF on input line 6032.
Package hyperref Info: Hyper index ON on input line 6035.
Package hyperref Info: backreferencing ON on input line 6040.
Package hyperref Info: Link coloring OFF on input line 6047.
Package hyperref Info: Link coloring with OCG OFF on input line 6052.
Package hyperref Info: PDF/A mode OFF on input line 6057.
LaTeX Info: Redefining \ref on input line 6097.
LaTeX Info: Redefining \pageref on input line 6101.

(C:\opt\MiKTeX\tex/latex/base\atbegshi-ltx.sty
Package: atbegshi-ltx 2021/01/10 v1.0c Emulation of the original atbegshi
package with kernel methods
)
\Hy@abspage=\count327
\c@Item=\count328
\c@Hfootnote=\count329


LaTeX Warning: Command \LT@p@ftntext  has changed.
               Check if current package is valid.

)
Package hyperref Info: Driver: hpdftex.
 (C:\opt\MiKTeX\tex/latex/hyperref\hpdftex.def
File: hpdftex.def 2022-02-21 v7.00n Hyperref driver for pdfTeX
\Fld@listcount=\count330
\c@bookmark@seq@number=\count331
\Hy@SectionHShift=\skip127
)
Package hyperref Info: Option `colorlinks' set `true' on input line 136.
Package hyperref Info: Option `unicode' set `true' on input line 136.

(C:\opt\MiKTeX\tex/latex/caption\caption.sty
Package: caption 2022/03/01 v3.6b Customizing captions (AR)

(C:\opt\MiKTeX\tex/latex/caption\caption3.sty
Package: caption3 2022/03/17 v2.3b caption3 kernel (AR)
\caption@tempdima=\dimen256
\captionmargin=\dimen257
\caption@leftmargin=\dimen258
\caption@rightmargin=\dimen259
\caption@width=\dimen260
\caption@indent=\dimen261
\caption@parindent=\dimen262
\caption@hangindent=\dimen263
Package caption Info: Standard document class detected.
)
\c@caption@flags=\count332
\c@continuedfloat=\count333
Package caption Info: float package is loaded.
Package caption Info: hyperref package is loaded.
Package caption Info: longtable package is loaded.

(C:\opt\MiKTeX\tex/latex/caption\ltcaption.sty
Package: ltcaption 2021/01/08 v1.4c longtable captions (AR)
))
(C:\opt\MiKTeX\tex/latex/etoc\etoc.sty
Package: etoc 2022/08/30 v1.09f Completely customisable TOCs (JFB)
\Etoc@toctoks=\toks35
\c@etoc@tocid=\count334
\c@etoc@tocdepth=\count335
\etoc@framed@titlebox=\box119
\etoc@framed@contentsbox=\box120
)
LaTeX Font Info:    Trying to load font information for T1+phv on input line 15
2.

(C:\opt\MiKTeX\tex/latex/psnfss\t1phv.fd
File: t1phv.fd 2020/03/25 scalable font definitions for T1/phv.
)
LaTeX Font Info:    Font shape `T1/phv/m/n' will be
(Font)              scaled to size 8.99994pt on input line 152.

(C:\opt\MiKTeX\tex/latex/l3backend\l3backend-pdftex.def
File: l3backend-pdftex.def 2022-02-07 L3 backend support: PDF output (pdfTeX)
\l__color_backend_stack_int=\count336
\l__pdf_internal_box=\box121
) (refman.aux)
\openout1 = `refman.aux'.

LaTeX Font Info:    Checking defaults for OML/cmm/m/it on input line 152.
LaTeX Font Info:    ... okay on input line 152.
LaTeX Font Info:    Checking defaults for OMS/cmsy/m/n on input line 152.
LaTeX Font Info:    ... okay on input line 152.
LaTeX Font Info:    Checking defaults for OT1/cmr/m/n on input line 152.
LaTeX Font Info:    ... okay on input line 152.
LaTeX Font Info:    Checking defaults for T1/cmr/m/n on input line 152.
LaTeX Font Info:    ... okay on input line 152.
LaTeX Font Info:    Checking defaults for TS1/cmr/m/n on input line 152.
LaTeX Font Info:    ... okay on input line 152.
LaTeX Font Info:    Checking defaults for OMX/cmex/m/n on input line 152.
LaTeX Font Info:    ... okay on input line 152.
LaTeX Font Info:    Checking defaults for U/cmr/m/n on input line 152.
LaTeX Font Info:    ... okay on input line 152.
LaTeX Font Info:    Checking defaults for PD1/pdf/m/n on input line 152.
LaTeX Font Info:    ... okay on input line 152.
LaTeX Font Info:    Checking defaults for PU/pdf/m/n on input line 152.
LaTeX Font Info:    ... okay on input line 152.

(C:\opt\MiKTeX\tex/context/base/mkii\supp-pdf.mkii
[Loading MPS to PDF converter (version 2006.09.02).]
\scratchcounter=\count337
\scratchdimen=\dimen264
\scratchbox=\box122
\nofMPsegments=\count338
\nofMParguments=\count339
\everyMPshowfont=\toks36
\MPscratchCnt=\count340
\MPscratchDim=\dimen265
\MPnumerator=\count341
\makeMPintoPDFobject=\count342
\everyMPtoPDFconversion=\toks37
) (C:\opt\MiKTeX\tex/latex/epstopdf-pkg\epstopdf-base.sty
Package: epstopdf-base 2020-01-24 v2.11 Base part for package epstopdf
Package epstopdf-base Info: Redefining graphics rule for `.eps' on input line 4
85.

(C:\opt\MiKTeX\tex/latex/00miktex\epstopdf-sys.cfg
File: epstopdf-sys.cfg 2021/03/18 v2.0 Configuration of epstopdf for MiKTeX
))
*geometry* driver: auto-detecting
*geometry* detected driver: pdftex
*geometry* verbose mode - [ preamble ] result:
* driver: pdftex
* paper: a4paper
* layout: <same size as paper>
* layoutoffset:(h,v)=(0.0pt,0.0pt)
* modes: twoside 
* h-part:(L,W,R)=(71.13188pt, 455.24411pt, 71.13188pt)
* v-part:(T,H,B)=(71.13188pt, 702.78308pt, 71.13188pt)
* \paperwidth=597.50787pt
* \paperheight=845.04684pt
* \textwidth=455.24411pt
* \textheight=702.78308pt
* \oddsidemargin=-1.1381pt
* \evensidemargin=-1.1381pt
* \topmargin=-31.2056pt
* \headheight=12.0pt
* \headsep=18.06749pt
* \topskip=10.0pt
* \footskip=25.29494pt
* \marginparwidth=125.0pt
* \marginparsep=7.0pt
* \columnsep=10.0pt
* \skip\footins=9.0pt plus 4.0pt minus 2.0pt
* \hoffset=0.0pt
* \voffset=0.0pt
* \mag=1000
* \@twocolumnfalse
* \@twosidetrue
* \@mparswitchtrue
* \@reversemarginfalse
* (1in=72.27pt=25.4mm, 1cm=28.453pt)

Package backref Info: ** backref set up for natbib ** on input line 152.
Package hyperref Info: Link coloring ON on input line 152.
(C:\opt\MiKTeX\tex/latex/hyperref\nameref.sty
Package: nameref 2021-04-02 v2.47 Cross-referencing by name of section

(C:\opt\MiKTeX\tex/latex/refcount\refcount.sty
Package: refcount 2019/12/15 v3.6 Data extraction from label references (HO)
)
(C:\opt\MiKTeX\tex/generic/gettitlestring\gettitlestring.sty
Package: gettitlestring 2019/12/15 v1.6 Cleanup title references (HO)
)
\c@section@level=\count343
)
LaTeX Info: Redefining \ref on input line 152.
LaTeX Info: Redefining \pageref on input line 152.
LaTeX Info: Redefining \nameref on input line 152.
 (refman.out)
(refman.out)
\@outlinefile=\write5
\openout5 = `refman.out'.

Package caption Info: Begin \AtBeginDocument code.
Package caption Info: End \AtBeginDocument code.
\Etoc@tf=\read4
Package hyperref Info: Option `pageanchor' set `false' on input line 160.
Package hyperref Info: Option `bookmarksnumbered' set `true' on input line 160.

Package hyperref Info: Option `unicode' set `true' on input line 160.
LaTeX Font Info:    Font shape `T1/phv/m/n' will be
(Font)              scaled to size 12.9599pt on input line 165.
LaTeX Font Info:    Font shape `T1/phv/m/n' will be
(Font)              scaled to size 6.29996pt on input line 165.
LaTeX Font Info:    Trying to load font information for U+msa on input line 165
.
 (C:\opt\MiKTeX\tex/latex/amsfonts\umsa.fd
File: umsa.fd 2013/01/14 v3.01 AMS symbols A
)
LaTeX Font Info:    Trying to load font information for U+msb on input line 165
.

(C:\opt\MiKTeX\tex/latex/amsfonts\umsb.fd
File: umsb.fd 2013/01/14 v3.01 AMS symbols B
)
LaTeX Font Info:    Trying to load font information for U+wasy on input line 16
5.

(C:\opt\MiKTeX\tex/latex/wasysym\uwasy.fd
File: uwasy.fd 2020/01/19 v2.4 Wasy-2 symbol font definitions
)
LaTeX Font Info:    Font shape `T1/phv/m/n' will be
(Font)              scaled to size 10.79993pt on input line 167.
 [1


{C:/Users/penci/AppData/Local/MiKTeX/fonts/map/pdftex/pdftex.map}] [2

]
\tf@toc=\write6
\openout6 = `refman.toc'.

LaTeX Font Info:    Font shape `T1/phv/b/n' will be
(Font)              scaled to size 8.99994pt on input line 173.
LaTeX Font Info:    Font shape `T1/phv/b/n' will be
(Font)              scaled to size 6.29996pt on input line 173.
LaTeX Font Info:    Font shape `T1/phv/m/n' will be
(Font)              scaled to size 7.19995pt on input line 173.
LaTeX Font Info:    Trying to load font information for T1+pcr on input line 17
3.
 (C:\opt\MiKTeX\tex/latex/psnfss\t1pcr.fd
File: t1pcr.fd 2001/06/04 font definitions for T1/pcr.
)
[1] [2] [3] [4] [5] [6] [7] [8] [9] [10

]
Package hyperref Info: Option `pageanchor' set `true' on input line 176.

Chapter 1.
LaTeX Font Info:    Font shape `T1/phv/m/n' will be
(Font)              scaled to size 18.66588pt on input line 178.
LaTeX Font Info:    Font shape `T1/phv/b/n' will be
(Font)              scaled to size 18.66588pt on input line 178.
LaTeX Font Info:    Font shape `T1/phv/bc/n' will be
(Font)              scaled to size 18.66588pt on input line 178.
LaTeX Font Info:    Font shape `T1/phv/m/n' will be
(Font)              scaled to size 22.39185pt on input line 178.
LaTeX Font Info:    Font shape `T1/phv/b/n' will be
(Font)              scaled to size 22.39185pt on input line 178.
LaTeX Font Info:    Font shape `T1/phv/bc/n' will be
(Font)              scaled to size 22.39185pt on input line 178.
LaTeX Font Info:    Font shape `T1/phv/bc/n' will be
(Font)              scaled to size 6.29996pt on input line 178.
(md_librapid_cxxblas__r_e_a_d_m_e.tex) [1

] [2

]
Chapter 2.
(md_librapid__r_e_a_d_m_e.tex) [3] [4

]
Chapter 3.
(hierarchy.tex
LaTeX Font Info:    Font shape `T1/phv/b/n' will be
(Font)              scaled to size 12.9599pt on input line 1.
 [5]) [6]
Chapter 4.
(annotated.tex [7

]) [8]
Chapter 5.
(files.tex [9

] [10] [11]) [12]
Chapter 6.
(classlibrapid_1_1_array_container.tex
LaTeX Font Info:    Font shape `T1/phv/b/n' will be
(Font)              scaled to size 10.79993pt on input line 3.
LaTeX Font Info:    Trying to load font information for TS1+phv on input line 6
.

(C:\opt\MiKTeX\tex/latex/psnfss\ts1phv.fd
File: ts1phv.fd 2020/03/25 scalable font definitions for TS1/phv.
)
LaTeX Font Info:    Font shape `TS1/phv/m/n' will be
(Font)              scaled to size 8.99994pt on input line 6.
LaTeX Font Info:    Font shape `T1/phv/m/n' will be
(Font)              scaled to size 8.09995pt on input line 26.
LaTeX Font Info:    Font shape `T1/phv/m/it' in size <9> not available
(Font)              Font shape `T1/phv/m/sl' tried instead on input line 26.
LaTeX Font Info:    Font shape `T1/phv/m/sl' will be
(Font)              scaled to size 8.09995pt on input line 26.

Underfull \hbox (badness 1117) in paragraph at lines 37--39
\T1/phv/m/n/10 LIBRAPID[]_[][]ALWAYS[]_[][]INLINE [] (const []$\OML/cmm/m/it/10
 <$ \T1/phv/m/n/10 Functor[]_[], Args... $\OML/cmm/m/it/10 >$ \T1/phv/m/n/10 &f
unc-tion)
 []

[13

]
LaTeX Font Info:    Font shape `T1/phv/b/n' will be
(Font)              scaled to size 7.19995pt on input line 76.
LaTeX Font Info:    Font shape `T1/pcr/m/it' in size <8> not available
(Font)              Font shape `T1/pcr/m/sl' tried instead on input line 78.
 [14]
Overfull \hbox (3.9776pt too wide) in paragraph at lines 1--1
 []\T1/phv/m/sl/10 Functor[]
 []


Overfull \vbox (11.7502pt too high) has occurred while \output is active []


[15]
Underfull \hbox (badness 10000) in paragraph at lines 162--164
\T1/pcr/m/n/8 LIBRAPID[]_[][]ALWAYS[]_[][]INLINE [] & []$\OML/cmm/m/it/8 <$ \T1
/pcr/m/n/8 Shape[]Type[]_[], Storage[]Type[]_[] $\OML/cmm/m/it/8 >$[]
 []


Underfull \hbox (badness 10000) detected at line 170
[][][]
 []


Underfull \hbox (badness 10000) in paragraph at lines 177--179
\T1/pcr/m/n/8 LIBRAPID[]_[][]ALWAYS[]_[][]INLINE [] & []$\OML/cmm/m/it/8 <$ \T1
/pcr/m/n/8 Shape[]Type[]_[], Storage[]Type[]_[] $\OML/cmm/m/it/8 >$[]
 []


Underfull \hbox (badness 10000) detected at line 185
[][][]
 []


Underfull \hbox (badness 10000) in paragraph at lines 192--195
\T1/pcr/m/n/8 LIBRAPID[]_[][]ALWAYS[]_[][]INLINE [] & []$\OML/cmm/m/it/8 <$ \T1
/pcr/m/n/8 Shape[]Type[]_[], Storage[]Type[]_[] $\OML/cmm/m/it/8 >$[]
 []

[16]
Overfull \hbox (3.9776pt too wide) in paragraph at lines 1--1
 []\T1/phv/m/sl/10 Functor[]
 []


Underfull \hbox (badness 10000) detected at line 208
[][][]
 []


Underfull \hbox (badness 10000) detected at line 223
[][][]
 []

[17] [18]
Underfull \hbox (badness 10000) detected at line 238
[][][]
 []


Underfull \hbox (badness 10000) detected at line 248
[][][]
 []

[19]) (structlibrapid_1_1typetraits_1_1_can_cast.tex

pdfTeX warning: pdflatex.exe (file ./structlibrapid_1_1typetraits_1_1_can_cast.
pdf): PDF inclusion: found PDF version <1.7>, but at most version <1.5> allowed

 <./structlibrapid_1_1typetraits_1_1_can_cast.pdf>
<structlibrapid_1_1typetraits_1_1_can_cast.pdf, id=2658, 501.875pt x 161.60374p
t>
File: structlibrapid_1_1typetraits_1_1_can_cast.pdf Graphic file (type pdf)
<use structlibrapid_1_1typetraits_1_1_can_cast.pdf>
Package pdftex.def Info: structlibrapid_1_1typetraits_1_1_can_cast.pdf  used on
 input line 6.
(pdftex.def)             Requested size: 176.72333pt x 56.9055pt.
)
(structcxxblas_1_1_complex_trait.tex)
(structcxxblas_1_1_complex_trait_3_01std_1_1complex_3_01_t_01_4_01_4.tex)
(structhelper__image__internal_1_1_converter_from_u_byte.tex [20])
(structhelper__image__internal_1_1_converter_from_u_byte_3_01float_01_4.tex
Underfull \hbox (badness 10000) detected at line 29
[][][]
 []

[21])
(structhelper__image__internal_1_1_converter_from_u_byte_3_01unsigned_01char_01
_4.tex
Underfull \hbox (badness 10000) detected at line 29
[][][]
 []

[22]) (structhelper__image__internal_1_1_converter_to_u_byte.tex)
(structhelper__image__internal_1_1_converter_to_u_byte_3_01float_01_4.tex
Underfull \hbox (badness 10000) detected at line 29
[][][]
 []

[23])
(structhelper__image__internal_1_1_converter_to_u_byte_3_01unsigned_01char_01_4
.tex
Underfull \hbox (badness 10000) detected at line 29
[][][]
 []

[24]) (structlibrapid_1_1device_1_1_c_p_u.tex) (class_exception.tex

pdfTeX warning: pdflatex.exe (file ./class_exception.pdf): PDF inclusion: found
 PDF version <1.7>, but at most version <1.5> allowed
 <./class_exception.pdf>
<class_exception.pdf, id=2712, 501.875pt x 224.84pt>
File: class_exception.pdf Graphic file (type pdf)
<use class_exception.pdf>
Package pdftex.def Info: class_exception.pdf  used on input line 10.
(pdftex.def)             Requested size: 127.02301pt x 56.9055pt.
 [25]
Underfull \hbox (badness 10000) detected at line 52
[][][]
 []


Underfull \hbox (badness 10000) detected at line 76
[][][]
 []

[26]) (classlibrapid_1_1detail_1_1_function.tex [27] [28]
Underfull \hbox (badness 10000) detected at line 100
[][][]
 []


Underfull \hbox (badness 10000) detected at line 115
[][][]
 []


Underfull \hbox (badness 10000) detected at line 130
[][][]
 []

[29]
Underfull \hbox (badness 10000) detected at line 145
[][][]
 []

) (structlibrapid_1_1device_1_1_g_p_u.tex)
(structlibrapid_1_1typetraits_1_1_has_addition.tex

pdfTeX warning: pdflatex.exe (file ./structlibrapid_1_1typetraits_1_1_has_addit
ion.pdf): PDF inclusion: found PDF version <1.7>, but at most version <1.5> all
owed
 <./structlibrapid_1_1typetraits_1_1_has_addition.pdf>
<structlibrapid_1_1typetraits_1_1_has_addition.pdf, id=2839, 501.875pt x 166.62
25pt>
File: structlibrapid_1_1typetraits_1_1_has_addition.pdf Graphic file (type pdf)

<use structlibrapid_1_1typetraits_1_1_has_addition.pdf>
Package pdftex.def Info: structlibrapid_1_1typetraits_1_1_has_addition.pdf  use
d on input line 6.
(pdftex.def)             Requested size: 171.40103pt x 56.9055pt.
)
(structlibrapid_1_1typetraits_1_1_has_multiplication.tex

pdfTeX warning: pdflatex.exe (file ./structlibrapid_1_1typetraits_1_1_has_multi
plication.pdf): PDF inclusion: found PDF version <1.7>, but at most version <1.
5> allowed
 <./structlibrapid_1_1typetraits_1_1_has_multiplication.pdf>
<structlibrapid_1_1typetraits_1_1_has_multiplication.pdf, id=2845, 501.875pt x 
149.55875pt>
File: structlibrapid_1_1typetraits_1_1_has_multiplication.pdf Graphic file (typ
e pdf)
<use structlibrapid_1_1typetraits_1_1_has_multiplication.pdf>
Package pdftex.def Info: structlibrapid_1_1typetraits_1_1_has_multiplication.pd
f  used on input line 6.
(pdftex.def)             Requested size: 190.95953pt x 56.9055pt.
 [30])
(structlibrapid_1_1typetraits_1_1_has_subscript.tex

pdfTeX warning: pdflatex.exe (file ./structlibrapid_1_1typetraits_1_1_has_subsc
ript.pdf): PDF inclusion: found PDF version <1.7>, but at most version <1.5> al
lowed
 <./structlibrapid_1_1typetraits_1_1_has_subscript.pdf>
<structlibrapid_1_1typetraits_1_1_has_subscript.pdf, id=2857, 501.875pt x 149.5
5875pt>
File: structlibrapid_1_1typetraits_1_1_has_subscript.pdf Graphic file (type pdf
)
<use structlibrapid_1_1typetraits_1_1_has_subscript.pdf>
Package pdftex.def Info: structlibrapid_1_1typetraits_1_1_has_subscript.pdf  us
ed on input line 6.
(pdftex.def)             Requested size: 190.95953pt x 56.9055pt.
)
(structcxxblas_1_1_if.tex) (structcxxblas_1_1_if_3_01int_01_4.tex)
(structcxxblas_1_1_if_3_01long_01_4.tex [31]) (structcxxblas_1_1_is_complex.tex
) (structcxxblas_1_1_is_not_complex.tex)
(structcxxblas_1_1_is_not_complex_3_01std_1_1complex_3_01_t_01_4_01_4.tex)
(structcxxblas_1_1_is_same.tex) (structcxxblas_1_1_is_same_3_01_t_01_4.tex
[32]) (structcxxblas_1_1_is_same_3_01_t_00_01_t_01_4.tex)
(structcxxblas_1_1_is_same_3_01_t_00_01_t_00_01_args_8_8_8_01_4.tex)
(classlibrapid_1_1detail_1_1_pre_main.tex) (structcxxblas_1_1_restrict_to.tex)
(structcxxblas_1_1_restrict_to_3_01true_00_01_t_01_4.tex [33])
(classlibrapid_1_1_shape.tex [34] [35] [36] [37]
Underfull \hbox (badness 10000) detected at line 179
[][][]
 []


Underfull \hbox (badness 10000) detected at line 194
[][][]
 []


Underfull \hbox (badness 10000) detected at line 209
[][][]
 []


Underfull \hbox (badness 10000) in paragraph at lines 216--219
\T1/pcr/m/n/8 template$\OML/cmm/m/it/8 <$\T1/pcr/m/n/8 typename V , typename ty
petraits[]::[]Enable[]If$\OML/cmm/m/it/8 <$ []$<$ \T1/pcr/m/n/8 V, T $\OML/cmm/
m/it/8 >$[]\T1/pcr/m/n/8 ::value $\OML/cmm/m/it/8 >$ \T1/pcr/m/n/8 =
 []

[38]
Underfull \hbox (badness 10000) detected at line 230
[][][]
 []


Underfull \hbox (badness 10000) in paragraph at lines 237--240
\T1/pcr/m/n/8 template$\OML/cmm/m/it/8 <$\T1/pcr/m/n/8 typename V , typename ty
petraits[]::[]Enable[]If$\OML/cmm/m/it/8 <$ []$<$ \T1/pcr/m/n/8 V, T $\OML/cmm/
m/it/8 >$[]\T1/pcr/m/n/8 ::value $\OML/cmm/m/it/8 >$ \T1/pcr/m/n/8 =
 []


Underfull \hbox (badness 10000) detected at line 251
[][][]
 []

[39]
Underfull \hbox (badness 10000) detected at line 266
[][][]
 []


Underfull \hbox (badness 10000) detected at line 281
[][][]
 []

[40]
Underfull \hbox (badness 10000) detected at line 302
[][][]
 []


Underfull \hbox (badness 10000) detected at line 323
[][][]
 []


Underfull \hbox (badness 10000) detected at line 333
[][][]
 []


Underfull \hbox (badness 10000) detected at line 343
[][][]
 []

[41]
Underfull \hbox (badness 10000) detected at line 358
[][][]
 []

) (structshared_memory_info__st.tex) (class_stop_watch_interface.tex

pdfTeX warning: pdflatex.exe (file ./class_stop_watch_interface.pdf): PDF inclu
sion: found PDF version <1.7>, but at most version <1.5> allowed
 <./class_stop_watch_interface.pdf>
<class_stop_watch_interface.pdf, id=3105, 501.875pt x 309.155pt>
File: class_stop_watch_interface.pdf Graphic file (type pdf)
<use class_stop_watch_interface.pdf>
Package pdftex.def Info: class_stop_watch_interface.pdf  used on input line 6.
(pdftex.def)             Requested size: 92.37828pt x 56.9055pt.
 [42] [43]) (class_stop_watch_linux.tex

pdfTeX warning: pdflatex.exe (file ./class_stop_watch_linux.pdf): PDF inclusion
: found PDF version <1.7>, but at most version <1.5> allowed
 <./class_stop_watch_linux.pdf>
<class_stop_watch_linux.pdf, id=3147, 501.875pt x 309.155pt>
File: class_stop_watch_linux.pdf Graphic file (type pdf)
<use class_stop_watch_linux.pdf>
Package pdftex.def Info: class_stop_watch_linux.pdf  used on input line 15.
(pdftex.def)             Requested size: 92.37828pt x 56.9055pt.
 [44] [45]) (classlibrapid_1_1_storage.tex
Underfull \hbox (badness 4378) in paragraph at lines 50--52
[]\T1/phv/m/n/10 LIBRAPID[]_[][]ALWAYS[]_[][]INLINE [] (Size[]Type size, Const[
]Reference value, const Al-lo-ca-tor &al-
 []

[46] [47] [48] [49]
Underfull \hbox (badness 10000) detected at line 239
[][][]
 []


Underfull \hbox (badness 10000) detected at line 254
[][][]
 []

LaTeX Font Info:    Font shape `T1/pcr/m/it' in size <7> not available
(Font)              Font shape `T1/pcr/m/sl' tried instead on input line 262.
[50]) (structtest_opts.tex) (structlibrapid_1_1typetraits_1_1_type_info.tex
[51])
(structlibrapid_1_1typetraits_1_1_type_info_3_01_array_container_3_01_shape_typ
e___00_01_storage_type___01_4_01_4.tex)
(structlibrapid_1_1typetraits_1_1_type_info_3_01bool_01_4.tex [52])
(structlibrapid_1_1typetraits_1_1_type_info_3_01char_01_4.tex)
(structlibrapid_1_1typetraits_1_1_type_info_3_01double_01_4.tex)
(structlibrapid_1_1typetraits_1_1_type_info_3_01float_01_4.tex [53])
(structlibrapid_1_1typetraits_1_1_type_info_3_01int16__t_01_4.tex)
(structlibrapid_1_1typetraits_1_1_type_info_3_01int32__t_01_4.tex [54])
(structlibrapid_1_1typetraits_1_1_type_info_3_01int64__t_01_4.tex)
(structlibrapid_1_1typetraits_1_1_type_info_3_01int8__t_01_4.tex [55])
(structlibrapid_1_1typetraits_1_1_type_info_3_01_storage_3_01_scalar___00_01_al
locator___01_4_01_4.tex)
(structlibrapid_1_1typetraits_1_1_type_info_3_01uint16__t_01_4.tex [56])
(structlibrapid_1_1typetraits_1_1_type_info_3_01uint32__t_01_4.tex)
(structlibrapid_1_1typetraits_1_1_type_info_3_01uint64__t_01_4.tex [57])
(structlibrapid_1_1typetraits_1_1_type_info_3_01uint8__t_01_4.tex)
(structlibrapid_1_1typetraits_1_1_type_info_3_1_1librapid_1_1detail_1_1_functio
n_3_01_functor___00_01_args_8_8_8_01_4_01_4.tex [58])
(structlibrapid_1_1typetraits_1_1detail_1_1_type_name_holder.tex)

Package fancyhdr Warning: \headheight is too small (12.0pt): 
(fancyhdr)                Make it at least 22.16548pt, for example:
(fancyhdr)                \setlength{\headheight}{22.16548pt}.
(fancyhdr)                You might also make \topmargin smaller to compensate:

(fancyhdr)                \addtolength{\topmargin}{-10.16548pt}.

[59] [60

]
Chapter 7.
(auxiliary_8h_source.tex) (complex_8h_source.tex [61])
(complextrait_8h_source.tex [62]) (debugmacro_8h_source.tex [63])
(fakeuse_8h_source.tex [64]) (iscomplex_8h_source.tex)
(ismpfrreal_8h_source.tex [65]) (issame_8h_source.tex [66]) (pow_8h_source.tex
[67]) (restrictto_8h_source.tex) (cxxblas_8h_source.tex [68])
(atlas_8h_source.tex [69]) (cblas_8h_source.tex [70] [71] [72] [73] [74]
[75]) (drivers_8h_source.tex [76] [77]) (gotoblas_8h_source.tex [78])
(mklblas_8h_source.tex [79]) (openblas_8h_source.tex [80])
(refblas_8h_source.tex) (sparseblas_8h_source.tex [81] [82])
(veclib_8h_source.tex [83]) (asum_8h_source.tex [84])
(level1_2axpy_8h_source.tex [85]) (level1extensions_2axpy_8h_source.tex
[86]) (tinylevel1_2axpy_8h_source.tex) (level1_2copy_8h_source.tex [87])
(tinylevel1_2copy_8h_source.tex [88]) (level1_2dot_8h_source.tex [89])
(level1extensions_2dot_8h_source.tex [90]) (iamax_8h_source.tex [91])
(level1_8h_source.tex [92]) (nrm2_8h_source.tex [93]) (rot_8h_source.tex
[94]) (rotm_8h_source.tex [95]) (level1_2scal_8h_source.tex [96])
(tinylevel1_2scal_8h_source.tex) (swap_8h_source.tex [97])
(level1extensions_2acxpby_8h_source.tex [98]) (tinylevel1_2acxpby_8h_source.tex
) (level1extensions_2acxpy_8h_source.tex [99]) (tinylevel1_2acxpy_8h_source.tex
[100]) (asum1_8h_source.tex) (level1extensions_2axpby_8h_source.tex [101])
(tinylevel1_2axpby_8h_source.tex [102]) (level1extensions_2ccopy_8h_source.tex)
(tinylevel1_2ccopy_8h_source.tex [103]) (gbaxpby_8h_source.tex [104])
(gbaxpy_8h_source.tex) (gbcopy_8h_source.tex [105]) (gbcotr_8h_source.tex
[106]) (gbscal_8h_source.tex) (geaxpby_8h_source.tex [107])
(level1extensions_2geaxpy_8h_source.tex) (tinylevel1_2geaxpy_8h_source.tex
[108]) (level1extensions_2gecopy_8h_source.tex [109])
(tinylevel1_2gecopy_8h_source.tex) (gecotr_8h_source.tex [110])
(geraxpy_8h_source.tex [111]) (level1extensions_2gerscal_8h_source.tex)
(tinylevel1_2gerscal_8h_source.tex [112])
(level1extensions_2gescal_8h_source.tex [113])
(tinylevel1_2gescal_8h_source.tex) (geswap_8h_source.tex [114])
(hescal_8h_source.tex) (imax1_8h_source.tex [115])
(level1extensions_8h_source.tex [116]) (racxpy_8h_source.tex [117])
(raxpy_8h_source.tex) (level1extensions_2rscal_8h_source.tex [118])
(tinylevel1_2rscal_8h_source.tex) (syscal_8h_source.tex [119])
(tpaxpby_8h_source.tex [120]) (tpaxpy_8h_source.tex) (tpcopy_8h_source.tex
[121]) (tpscal_8h_source.tex [122]) (traxpby_8h_source.tex)
(traxpy_8h_source.tex [123]) (trcopy_8h_source.tex [124]) (trscal_8h_source.tex
) (level2_2gbmv_8h_source.tex [125]) (level2extensions_2gbmv_8h_source.tex
[126]) (level2_2gemv_8h_source.tex [127]) (level2extensions_2gemv_8h_source.tex
[128]) (tinylevel2_2gemv_8h_source.tex [129]) (ger_8h_source.tex [130])
(hbmv_8h_source.tex [131]) (level2_2hemv_8h_source.tex [132])
(level2extensions_2hemv_8h_source.tex) (level2_2her_8h_source.tex [133])
(level2extensions_2her_8h_source.tex [134]) (level2_2her2_8h_source.tex
[135]) (level2extensions_2her2_8h_source.tex) (hpmv_8h_source.tex [136])
(hpr_8h_source.tex [137]) (hpr2_8h_source.tex [138]) (level2_8h_source.tex
[139]) (sbmv_8h_source.tex) (spmv_8h_source.tex [140]) (spr_8h_source.tex
[141]) (spr2_8h_source.tex [142]) (level2_2symv_8h_source.tex [143])
(level2extensions_2symv_8h_source.tex [144]) (syr_8h_source.tex [145])
(syr2_8h_source.tex [146]) (tbmv_8h_source.tex [147]) (tbsv_8h_source.tex
[148]) (tpmv_8h_source.tex [149]) (tpsv_8h_source.tex [150])
(level2_2trmv_8h_source.tex [151]) (level2extensions_2trmv_8h_source.tex)
(level2_2trsv_8h_source.tex [152]) (level2extensions_2trsv_8h_source.tex
[153]) (level2extensions_8h_source.tex [154]) (gemm_8h_source.tex [155])
(hemm_8h_source.tex [156]) (her2k_8h_source.tex) (herk_8h_source.tex [157])
(level3_8h_source.tex [158]) (symm_8h_source.tex [159]) (syr2k_8h_source.tex
[160]) (syrk_8h_source.tex [161]) (trmm_8h_source.tex [162])
(trsm_8h_source.tex [163]) (gbmm_8h_source.tex [164]) (hbmm_8h_source.tex)
(level3extensions_8h_source.tex [165]) (sbmm_8h_source.tex [166])
(tbmm_8h_source.tex) (gecrsmv_8h_source.tex [167]) (heccsmv_8h_source.tex
[168]) (hecrsmv_8h_source.tex [169]) (sparselevel2_8h_source.tex)
(syccsmv_8h_source.tex [170]) (sycrsmv_8h_source.tex [171])
(trccssv_8h_source.tex [172]) (trcrssv_8h_source.tex [173])
(gecrsmm_8h_source.tex [174]) (heccsmm_8h_source.tex [175])
(hecrsmm_8h_source.tex [176]) (sparselevel3_8h_source.tex)
(syccsmm_8h_source.tex [177]) (sycrsmm_8h_source.tex [178])
(trccssm_8h_source.tex [179]) (trcrssm_8h_source.tex [180])
(tinylevel1_8h_source.tex [181]) (tinylevel2_8h_source.tex)
(typedefs_8h_source.tex [182]) (array_8hpp_source.tex)
(array_container_8hpp_source.tex [183] [184]) (assign_ops_8hpp_source.tex)
(function_8hpp_source.tex [185]) (operations_8hpp_source.tex [186])
(sizetype_8hpp_source.tex [187] [188] [189]) (storage_8hpp_source.tex [190]
[191] [192] [193]) (config_8hpp_source.tex [194] [195] [196])
(core_8hpp_source.tex) (cuda_config_8hpp_source.tex [197])
(forward_8hpp_source.tex) (generic_config_8hpp_source.tex [198] [199])
(global_8hpp_source.tex) (gnu_config_8hpp_source.tex [200] [201])
(helper_macros_8hpp_source.tex [202]) (librapid_pch_8hpp_source.tex [203])
(msvc_config_8hpp_source.tex [204] [205]) (pre_main_8hpp_source.tex [206])
(traits_8hpp_source.tex [207] [208] [209]) (typetraits_8hpp_source.tex [210])
(warning_suppress_8hpp_source.tex) (exception_8h_source.tex [211] [212])
(helper__cuda_8h_source.tex [213] [214] [215] [216] [217] [218])
(helper__cuda__drvapi_8h_source.tex [219] [220] [221] [222])
(helper__cusolver_8h_source.tex [223] [224]) (helper__functions_8h_source.tex
[225]) (helper__image_8h_source.tex [226] [227] [228] [229] [230] [231]
[232] [233] [234] [235]) (helper__math_8h_source.tex [236] [237] [238] [239]
[240] [241] [242] [243] [244] [245] [246] [247] [248] [249] [250] [251]
[252] [253] [254] [255] [256] [257] [258] [259] [260])
(helper__multiprocess_8h_source.tex [261]) (helper__string_8h_source.tex
[262] [263] [264] [265]) (helper__timer_8h_source.tex [266] [267] [268]
[269]) (kernel__header_8h_source.tex [270] [271] [272] [273])
(nvrtc__helper_8h_source.tex [274] [275]) (librapid_8hpp_source.tex)
(core_math_8hpp_source.tex) [276] [277] [278

] (refman.ind
Underfull \hbox (badness 10000) in paragraph at lines 4--6
[]| \T1/phv/m/n/10 librapid::ArrayContainer$\OML/cmm/m/it/10 <$ \T1/phv/m/n/10 
ShapeType_, Stor-
 []


Underfull \hbox (badness 10000) in paragraph at lines 53--55
[]\T1/phv/m/n/10 helper_image_internal::ConverterFromUByte$\OML/cmm/m/it/10 <$ 
\T1/phv/m/n/10 un-
 []


Underfull \hbox (badness 10000) in paragraph at lines 61--63
[]\T1/phv/m/n/10 helper_image_internal::ConverterToUByte$\OML/cmm/m/it/10 <$ \T
1/phv/m/n/10 un-signed
 []


Underfull \hbox (badness 10000) in paragraph at lines 120--122
[]\T1/phv/m/n/10 librapid/cxxblas/level1extensions/level1extensions.h,
 []

[279


]
Underfull \hbox (badness 10000) in paragraph at lines 163--165
[]\T1/phv/m/n/10 librapid/cxxblas/level2extensions/level2extensions.h,
 []


Underfull \hbox (badness 10000) in paragraph at lines 180--182
[]\T1/phv/m/n/10 librapid/cxxblas/level3extensions/level3extensions.h,
 []

[280]
Underfull \hbox (badness 10000) in paragraph at lines 260--262
[]\T1/phv/m/n/10 librapid/include/librapid/cuda/helper_multiprocess.h,
 []


Underfull \hbox (badness 1325) in paragraph at lines 272--274
[]\T1/phv/m/n/10 librapid::ArrayContainer$\OML/cmm/m/it/10 <$ \T1/phv/m/n/10 Sh
apeType_, Stor-ageType_
 []


Overfull \hbox (18.37015pt too wide) in paragraph at lines 314--316
[]\T1/phv/m/n/10 librapid::typetraits::TypeInfo$\OML/cmm/m/it/10 <$ \T1/phv/m/n
/10 ArrayContainer$\OML/cmm/m/it/10 <$ \T1/phv/m/n/10 ShapeType_,
 []


Underfull \hbox (badness 10000) in paragraph at lines 353--355
[]| \T1/phv/m/n/10 helper_image_internal::ConverterFromUByte$\OML/cmm/m/it/10 <
$
 []


Underfull \hbox (badness 10000) in paragraph at lines 357--359
[]| \T1/phv/m/n/10 helper_image_internal::ConverterToUByte$\OML/cmm/m/it/10 <$ 
\T1/phv/m/n/10 float
 []


Underfull \hbox (badness 10000) in paragraph at lines 359--361
[]| \T1/phv/m/n/10 helper_image_internal::ConverterToUByte$\OML/cmm/m/it/10 <$ 
\T1/phv/m/n/10 un-
 []


Underfull \hbox (badness 10000) in paragraph at lines 362--364
[]| \T1/phv/m/n/10 librapid::ArrayContainer$\OML/cmm/m/it/10 <$ \T1/phv/m/n/10 
ShapeType_, Stor-
 []


Underfull \hbox (badness 10000) in paragraph at lines 377--379
[]| \T1/phv/m/n/10 librapid::ArrayContainer$\OML/cmm/m/it/10 <$ \T1/phv/m/n/10 
ShapeType_, Stor-
 []


Underfull \hbox (badness 10000) in paragraph at lines 394--396
[]| \T1/phv/m/n/10 librapid::ArrayContainer$\OML/cmm/m/it/10 <$ \T1/phv/m/n/10 
ShapeType_, Stor-
 []


Underfull \hbox (badness 10000) in paragraph at lines 401--403
[]| \T1/phv/m/n/10 librapid::ArrayContainer$\OML/cmm/m/it/10 <$ \T1/phv/m/n/10 
ShapeType_, Stor-
 []

[281]
Underfull \hbox (badness 10000) in paragraph at lines 439--441
[]| \T1/phv/m/n/10 librapid::ArrayContainer$\OML/cmm/m/it/10 <$ \T1/phv/m/n/10 
ShapeType_, Stor-
 []


Underfull \hbox (badness 10000) in paragraph at lines 442--444
[]| \T1/phv/m/n/10 librapid::ArrayContainer$\OML/cmm/m/it/10 <$ \T1/phv/m/n/10 
ShapeType_, Stor-
 []

[282

]) (refman.aux)
Package rerunfilecheck Info: File `refman.out' has not changed.
(rerunfilecheck)             Checksum: B41AB148EAAC0787EE13260FA0397E3E;64787.
 ) 
Here is how much of TeX's memory you used:
 21174 strings out of 478582
 406080 string characters out of 2858883
 817520 words of memory out of 3000000
 37269 multiletter control sequences out of 15000+600000
 533677 words of font info for 109 fonts, out of 8000000 for 9000
 1141 hyphenation exceptions out of 8191
 99i,16n,117p,862b,632s stack positions out of 10000i,1000n,20000p,200000b,80000s
{C:/opt/MiKTeX/fonts/enc/dvips/base/8r.enc}<C:/opt/MiKTeX/fonts/type1/public/
amsfonts/cm/cmmi10.pfb><C:/opt/MiKTeX/fonts/type1/public/amsfonts/cm/cmmi12.pfb
><C:/opt/MiKTeX/fonts/type1/public/amsfonts/cm/cmmi7.pfb><C:/opt/MiKTeX/fonts/t
ype1/public/amsfonts/cm/cmmi8.pfb><C:/opt/MiKTeX/fonts/type1/public/amsfonts/cm
/cmsy10.pfb><C:/opt/MiKTeX/fonts/type1/public/amsfonts/cm/cmsy7.pfb><C:/opt/MiK
TeX/fonts/type1/public/amsfonts/cm/cmsy8.pfb><C:/opt/MiKTeX/fonts/type1/urw/cou
rier/ucrb8a.pfb><C:/opt/MiKTeX/fonts/type1/urw/courier/ucrr8a.pfb><C:/opt/MiKTe
X/fonts/type1/urw/courier/ucrro8a.pfb><C:/opt/MiKTeX/fonts/type1/urw/helvetic/u
hvb8a.pfb><C:/opt/MiKTeX/fonts/type1/urw/helvetic/uhvb8ac.pfb><C:/opt/MiKTeX/fo
nts/type1/urw/helvetic/uhvr8a.pfb><C:/opt/MiKTeX/fonts/type1/urw/helvetic/uhvro
8a.pfb>
Output written on refman.pdf (294 pages, 1462214 bytes).
PDF statistics:
 5429 PDF objects out of 6186 (max. 8388607)
 1278 named destinations out of 1440 (max. 500000)
 2708 words of extra memory for PDF output out of 10000 (max. 10000000)

