\BOOKMARK [0][-]{chapter.1}{\376\377\0001\000\040\000F\000L\000E\000N\000S\000:\000\040\000F\000l\000e\000x\000i\000b\000l\000e\000\040\000L\000i\000b\000r\000a\000r\000y\000\040\000f\000o\000r\000\040\000E\000f\000f\000i\000c\000i\000e\000n\000t\000\040\000N\000u\000m\000e\000r\000i\000c\000a\000l\000\040\000S\000o\000l\000u\000t\000i\000o\000n\000s}{}% 1
\BOOKMARK [0][-]{chapter.2}{\376\377\0002\000\040\000L\000i\000b\000R\000a\000p\000i\000d}{}% 2
\BOOKMARK [0][-]{chapter.3}{\376\377\0003\000\040\000H\000i\000e\000r\000a\000r\000c\000h\000i\000c\000a\000l\000\040\000I\000n\000d\000e\000x}{}% 3
\BOOKMARK [1][-]{section.3.1}{\376\377\0003\000.\0001\000\040\000C\000l\000a\000s\000s\000\040\000H\000i\000e\000r\000a\000r\000c\000h\000y}{chapter.3}% 4
\BOOKMARK [0][-]{chapter.4}{\376\377\0004\000\040\000C\000l\000a\000s\000s\000\040\000I\000n\000d\000e\000x}{}% 5
\BOOKMARK [1][-]{section.4.1}{\376\377\0004\000.\0001\000\040\000C\000l\000a\000s\000s\000\040\000L\000i\000s\000t}{chapter.4}% 6
\BOOKMARK [0][-]{chapter.5}{\376\377\0005\000\040\000F\000i\000l\000e\000\040\000I\000n\000d\000e\000x}{}% 7
\BOOKMARK [1][-]{section.5.1}{\376\377\0005\000.\0001\000\040\000F\000i\000l\000e\000\040\000L\000i\000s\000t}{chapter.5}% 8
\BOOKMARK [0][-]{chapter.6}{\376\377\0006\000\040\000C\000l\000a\000s\000s\000\040\000D\000o\000c\000u\000m\000e\000n\000t\000a\000t\000i\000o\000n}{}% 9
\BOOKMARK [1][-]{section.6.1}{\376\377\0006\000.\0001\000\040\000l\000i\000b\000r\000a\000p\000i\000d\000:\000:\000A\000r\000r\000a\000y\000C\000o\000n\000t\000a\000i\000n\000e\000r\000<\000\040\000S\000h\000a\000p\000e\000T\000y\000p\000e\000\137\000,\000\040\000S\000t\000o\000r\000a\000g\000e\000T\000y\000p\000e\000\137\000\040\000>\000\040\000C\000l\000a\000s\000s\000\040\000T\000e\000m\000p\000l\000a\000t\000e\000\040\000R\000e\000f\000e\000r\000e\000n\000c\000e}{chapter.6}% 10
\BOOKMARK [2][-]{subsection.6.1.1}{\376\377\0006\000.\0001\000.\0001\000\040\000C\000o\000n\000s\000t\000r\000u\000c\000t\000o\000r\000\040\000\046\000\040\000D\000e\000s\000t\000r\000u\000c\000t\000o\000r\000\040\000D\000o\000c\000u\000m\000e\000n\000t\000a\000t\000i\000o\000n}{section.6.1}% 11
\BOOKMARK [3][-]{subsubsection.6.1.1.1}{\376\377\0006\000.\0001\000.\0001\000.\0001\000\040\000A\000r\000r\000a\000y\000C\000o\000n\000t\000a\000i\000n\000e\000r\000\050\000\051\000\040\000[\0001\000/\0006\000]}{subsection.6.1.1}% 12
\BOOKMARK [3][-]{subsubsection.6.1.1.2}{\376\377\0006\000.\0001\000.\0001\000.\0002\000\040\000A\000r\000r\000a\000y\000C\000o\000n\000t\000a\000i\000n\000e\000r\000\050\000\051\000\040\000[\0002\000/\0006\000]}{subsection.6.1.1}% 13
\BOOKMARK [3][-]{subsubsection.6.1.1.3}{\376\377\0006\000.\0001\000.\0001\000.\0003\000\040\000A\000r\000r\000a\000y\000C\000o\000n\000t\000a\000i\000n\000e\000r\000\050\000\051\000\040\000[\0003\000/\0006\000]}{subsection.6.1.1}% 14
\BOOKMARK [3][-]{subsubsection.6.1.1.4}{\376\377\0006\000.\0001\000.\0001\000.\0004\000\040\000A\000r\000r\000a\000y\000C\000o\000n\000t\000a\000i\000n\000e\000r\000\050\000\051\000\040\000[\0004\000/\0006\000]}{subsection.6.1.1}% 15
\BOOKMARK [3][-]{subsubsection.6.1.1.5}{\376\377\0006\000.\0001\000.\0001\000.\0005\000\040\000A\000r\000r\000a\000y\000C\000o\000n\000t\000a\000i\000n\000e\000r\000\050\000\051\000\040\000[\0005\000/\0006\000]}{subsection.6.1.1}% 16
\BOOKMARK [3][-]{subsubsection.6.1.1.6}{\376\377\0006\000.\0001\000.\0001\000.\0006\000\040\000A\000r\000r\000a\000y\000C\000o\000n\000t\000a\000i\000n\000e\000r\000\050\000\051\000\040\000[\0006\000/\0006\000]}{subsection.6.1.1}% 17
\BOOKMARK [2][-]{subsection.6.1.2}{\376\377\0006\000.\0001\000.\0002\000\040\000M\000e\000m\000b\000e\000r\000\040\000F\000u\000n\000c\000t\000i\000o\000n\000\040\000D\000o\000c\000u\000m\000e\000n\000t\000a\000t\000i\000o\000n}{section.6.1}% 18
\BOOKMARK [3][-]{subsubsection.6.1.2.1}{\376\377\0006\000.\0001\000.\0002\000.\0001\000\040\000o\000p\000e\000r\000a\000t\000o\000r\000=\000\050\000\051\000\040\000[\0001\000/\0003\000]}{subsection.6.1.2}% 19
\BOOKMARK [3][-]{subsubsection.6.1.2.2}{\376\377\0006\000.\0001\000.\0002\000.\0002\000\040\000o\000p\000e\000r\000a\000t\000o\000r\000=\000\050\000\051\000\040\000[\0002\000/\0003\000]}{subsection.6.1.2}% 20
\BOOKMARK [3][-]{subsubsection.6.1.2.3}{\376\377\0006\000.\0001\000.\0002\000.\0003\000\040\000o\000p\000e\000r\000a\000t\000o\000r\000=\000\050\000\051\000\040\000[\0003\000/\0003\000]}{subsection.6.1.2}% 21
\BOOKMARK [3][-]{subsubsection.6.1.2.4}{\376\377\0006\000.\0001\000.\0002\000.\0004\000\040\000p\000a\000c\000k\000e\000t\000\050\000\051}{subsection.6.1.2}% 22
\BOOKMARK [3][-]{subsubsection.6.1.2.5}{\376\377\0006\000.\0001\000.\0002\000.\0005\000\040\000s\000c\000a\000l\000a\000r\000\050\000\051}{subsection.6.1.2}% 23
\BOOKMARK [3][-]{subsubsection.6.1.2.6}{\376\377\0006\000.\0001\000.\0002\000.\0006\000\040\000s\000h\000a\000p\000e\000\050\000\051}{subsection.6.1.2}% 24
\BOOKMARK [3][-]{subsubsection.6.1.2.7}{\376\377\0006\000.\0001\000.\0002\000.\0007\000\040\000w\000r\000i\000t\000e\000\050\000\051}{subsection.6.1.2}% 25
\BOOKMARK [3][-]{subsubsection.6.1.2.8}{\376\377\0006\000.\0001\000.\0002\000.\0008\000\040\000w\000r\000i\000t\000e\000P\000a\000c\000k\000e\000t\000\050\000\051}{subsection.6.1.2}% 26
\BOOKMARK [1][-]{section.6.2}{\376\377\0006\000.\0002\000\040\000l\000i\000b\000r\000a\000p\000i\000d\000:\000:\000t\000y\000p\000e\000t\000r\000a\000i\000t\000s\000:\000:\000C\000a\000n\000C\000a\000s\000t\000<\000\040\000F\000r\000o\000m\000,\000\040\000T\000o\000\040\000>\000\040\000S\000t\000r\000u\000c\000t\000\040\000T\000e\000m\000p\000l\000a\000t\000e\000\040\000R\000e\000f\000e\000r\000e\000n\000c\000e}{chapter.6}% 27
\BOOKMARK [1][-]{section.6.3}{\376\377\0006\000.\0003\000\040\000c\000x\000x\000b\000l\000a\000s\000:\000:\000C\000o\000m\000p\000l\000e\000x\000T\000r\000a\000i\000t\000<\000\040\000T\000\040\000>\000\040\000S\000t\000r\000u\000c\000t\000\040\000T\000e\000m\000p\000l\000a\000t\000e\000\040\000R\000e\000f\000e\000r\000e\000n\000c\000e}{chapter.6}% 28
\BOOKMARK [1][-]{section.6.4}{\376\377\0006\000.\0004\000\040\000c\000x\000x\000b\000l\000a\000s\000:\000:\000C\000o\000m\000p\000l\000e\000x\000T\000r\000a\000i\000t\000<\000\040\000s\000t\000d\000:\000:\000c\000o\000m\000p\000l\000e\000x\000<\000\040\000T\000\040\000>\000\040\000>\000\040\000S\000t\000r\000u\000c\000t\000\040\000T\000e\000m\000p\000l\000a\000t\000e\000\040\000R\000e\000f\000e\000r\000e\000n\000c\000e}{chapter.6}% 29
\BOOKMARK [1][-]{section.6.5}{\376\377\0006\000.\0005\000\040\000h\000e\000l\000p\000e\000r\000\137\000i\000m\000a\000g\000e\000\137\000i\000n\000t\000e\000r\000n\000a\000l\000:\000:\000C\000o\000n\000v\000e\000r\000t\000e\000r\000F\000r\000o\000m\000U\000B\000y\000t\000e\000<\000\040\000T\000\040\000>\000\040\000S\000t\000r\000u\000c\000t\000\040\000T\000e\000m\000p\000l\000a\000t\000e\000\040\000R\000e\000f\000e\000r\000e\000n\000c\000e}{chapter.6}% 30
\BOOKMARK [2][-]{subsection.6.5.1}{\376\377\0006\000.\0005\000.\0001\000\040\000D\000e\000t\000a\000i\000l\000e\000d\000\040\000D\000e\000s\000c\000r\000i\000p\000t\000i\000o\000n}{section.6.5}% 31
\BOOKMARK [1][-]{section.6.6}{\376\377\0006\000.\0006\000\040\000h\000e\000l\000p\000e\000r\000\137\000i\000m\000a\000g\000e\000\137\000i\000n\000t\000e\000r\000n\000a\000l\000:\000:\000C\000o\000n\000v\000e\000r\000t\000e\000r\000F\000r\000o\000m\000U\000B\000y\000t\000e\000<\000\040\000f\000l\000o\000a\000t\000\040\000>\000\040\000S\000t\000r\000u\000c\000t\000\040\000R\000e\000f\000e\000r\000e\000n\000c\000e}{chapter.6}% 32
\BOOKMARK [2][-]{subsection.6.6.1}{\376\377\0006\000.\0006\000.\0001\000\040\000D\000e\000t\000a\000i\000l\000e\000d\000\040\000D\000e\000s\000c\000r\000i\000p\000t\000i\000o\000n}{section.6.6}% 33
\BOOKMARK [2][-]{subsection.6.6.2}{\376\377\0006\000.\0006\000.\0002\000\040\000M\000e\000m\000b\000e\000r\000\040\000F\000u\000n\000c\000t\000i\000o\000n\000\040\000D\000o\000c\000u\000m\000e\000n\000t\000a\000t\000i\000o\000n}{section.6.6}% 34
\BOOKMARK [3][-]{subsubsection.6.6.2.1}{\376\377\0006\000.\0006\000.\0002\000.\0001\000\040\000o\000p\000e\000r\000a\000t\000o\000r\000\050\000\051\000\050\000\051}{subsection.6.6.2}% 35
\BOOKMARK [1][-]{section.6.7}{\376\377\0006\000.\0007\000\040\000h\000e\000l\000p\000e\000r\000\137\000i\000m\000a\000g\000e\000\137\000i\000n\000t\000e\000r\000n\000a\000l\000:\000:\000C\000o\000n\000v\000e\000r\000t\000e\000r\000F\000r\000o\000m\000U\000B\000y\000t\000e\000<\000\040\000u\000n\000s\000i\000g\000n\000e\000d\000\040\000c\000h\000a\000r\000\040\000>\000\040\000S\000t\000r\000u\000c\000t\000\040\000R\000e\000f\000e\000r\000e\000n\000c\000e}{chapter.6}% 36
\BOOKMARK [2][-]{subsection.6.7.1}{\376\377\0006\000.\0007\000.\0001\000\040\000D\000e\000t\000a\000i\000l\000e\000d\000\040\000D\000e\000s\000c\000r\000i\000p\000t\000i\000o\000n}{section.6.7}% 37
\BOOKMARK [2][-]{subsection.6.7.2}{\376\377\0006\000.\0007\000.\0002\000\040\000M\000e\000m\000b\000e\000r\000\040\000F\000u\000n\000c\000t\000i\000o\000n\000\040\000D\000o\000c\000u\000m\000e\000n\000t\000a\000t\000i\000o\000n}{section.6.7}% 38
\BOOKMARK [3][-]{subsubsection.6.7.2.1}{\376\377\0006\000.\0007\000.\0002\000.\0001\000\040\000o\000p\000e\000r\000a\000t\000o\000r\000\050\000\051\000\050\000\051}{subsection.6.7.2}% 39
\BOOKMARK [1][-]{section.6.8}{\376\377\0006\000.\0008\000\040\000h\000e\000l\000p\000e\000r\000\137\000i\000m\000a\000g\000e\000\137\000i\000n\000t\000e\000r\000n\000a\000l\000:\000:\000C\000o\000n\000v\000e\000r\000t\000e\000r\000T\000o\000U\000B\000y\000t\000e\000<\000\040\000T\000\040\000>\000\040\000S\000t\000r\000u\000c\000t\000\040\000T\000e\000m\000p\000l\000a\000t\000e\000\040\000R\000e\000f\000e\000r\000e\000n\000c\000e}{chapter.6}% 40
\BOOKMARK [2][-]{subsection.6.8.1}{\376\377\0006\000.\0008\000.\0001\000\040\000D\000e\000t\000a\000i\000l\000e\000d\000\040\000D\000e\000s\000c\000r\000i\000p\000t\000i\000o\000n}{section.6.8}% 41
\BOOKMARK [1][-]{section.6.9}{\376\377\0006\000.\0009\000\040\000h\000e\000l\000p\000e\000r\000\137\000i\000m\000a\000g\000e\000\137\000i\000n\000t\000e\000r\000n\000a\000l\000:\000:\000C\000o\000n\000v\000e\000r\000t\000e\000r\000T\000o\000U\000B\000y\000t\000e\000<\000\040\000f\000l\000o\000a\000t\000\040\000>\000\040\000S\000t\000r\000u\000c\000t\000\040\000R\000e\000f\000e\000r\000e\000n\000c\000e}{chapter.6}% 42
\BOOKMARK [2][-]{subsection.6.9.1}{\376\377\0006\000.\0009\000.\0001\000\040\000D\000e\000t\000a\000i\000l\000e\000d\000\040\000D\000e\000s\000c\000r\000i\000p\000t\000i\000o\000n}{section.6.9}% 43
\BOOKMARK [2][-]{subsection.6.9.2}{\376\377\0006\000.\0009\000.\0002\000\040\000M\000e\000m\000b\000e\000r\000\040\000F\000u\000n\000c\000t\000i\000o\000n\000\040\000D\000o\000c\000u\000m\000e\000n\000t\000a\000t\000i\000o\000n}{section.6.9}% 44
\BOOKMARK [3][-]{subsubsection.6.9.2.1}{\376\377\0006\000.\0009\000.\0002\000.\0001\000\040\000o\000p\000e\000r\000a\000t\000o\000r\000\050\000\051\000\050\000\051}{subsection.6.9.2}% 45
\BOOKMARK [1][-]{section.6.10}{\376\377\0006\000.\0001\0000\000\040\000h\000e\000l\000p\000e\000r\000\137\000i\000m\000a\000g\000e\000\137\000i\000n\000t\000e\000r\000n\000a\000l\000:\000:\000C\000o\000n\000v\000e\000r\000t\000e\000r\000T\000o\000U\000B\000y\000t\000e\000<\000\040\000u\000n\000s\000i\000g\000n\000e\000d\000\040\000c\000h\000a\000r\000\040\000>\000\040\000S\000t\000r\000u\000c\000t\000\040\000R\000e\000f\000e\000r\000e\000n\000c\000e}{chapter.6}% 46
\BOOKMARK [2][-]{subsection.6.10.1}{\376\377\0006\000.\0001\0000\000.\0001\000\040\000D\000e\000t\000a\000i\000l\000e\000d\000\040\000D\000e\000s\000c\000r\000i\000p\000t\000i\000o\000n}{section.6.10}% 47
\BOOKMARK [2][-]{subsection.6.10.2}{\376\377\0006\000.\0001\0000\000.\0002\000\040\000M\000e\000m\000b\000e\000r\000\040\000F\000u\000n\000c\000t\000i\000o\000n\000\040\000D\000o\000c\000u\000m\000e\000n\000t\000a\000t\000i\000o\000n}{section.6.10}% 48
\BOOKMARK [3][-]{subsubsection.6.10.2.1}{\376\377\0006\000.\0001\0000\000.\0002\000.\0001\000\040\000o\000p\000e\000r\000a\000t\000o\000r\000\050\000\051\000\050\000\051}{subsection.6.10.2}% 49
\BOOKMARK [1][-]{section.6.11}{\376\377\0006\000.\0001\0001\000\040\000l\000i\000b\000r\000a\000p\000i\000d\000:\000:\000d\000e\000v\000i\000c\000e\000:\000:\000C\000P\000U\000\040\000S\000t\000r\000u\000c\000t\000\040\000R\000e\000f\000e\000r\000e\000n\000c\000e}{chapter.6}% 50
\BOOKMARK [1][-]{section.6.12}{\376\377\0006\000.\0001\0002\000\040\000E\000x\000c\000e\000p\000t\000i\000o\000n\000<\000\040\000S\000t\000d\000\137\000E\000x\000c\000e\000p\000t\000i\000o\000n\000\040\000>\000\040\000C\000l\000a\000s\000s\000\040\000T\000e\000m\000p\000l\000a\000t\000e\000\040\000R\000e\000f\000e\000r\000e\000n\000c\000e}{chapter.6}% 51
\BOOKMARK [2][-]{subsection.6.12.1}{\376\377\0006\000.\0001\0002\000.\0001\000\040\000D\000e\000t\000a\000i\000l\000e\000d\000\040\000D\000e\000s\000c\000r\000i\000p\000t\000i\000o\000n}{section.6.12}% 52
\BOOKMARK [2][-]{subsection.6.12.2}{\376\377\0006\000.\0001\0002\000.\0002\000\040\000M\000e\000m\000b\000e\000r\000\040\000F\000u\000n\000c\000t\000i\000o\000n\000\040\000D\000o\000c\000u\000m\000e\000n\000t\000a\000t\000i\000o\000n}{section.6.12}% 53
\BOOKMARK [3][-]{subsubsection.6.12.2.1}{\376\377\0006\000.\0001\0002\000.\0002\000.\0001\000\040\000t\000h\000r\000o\000w\000\137\000i\000t\000\050\000\051\000\040\000[\0001\000/\0002\000]}{subsection.6.12.2}% 54
\BOOKMARK [3][-]{subsubsection.6.12.2.2}{\376\377\0006\000.\0001\0002\000.\0002\000.\0002\000\040\000t\000h\000r\000o\000w\000\137\000i\000t\000\050\000\051\000\040\000[\0002\000/\0002\000]}{subsection.6.12.2}% 55
\BOOKMARK [1][-]{section.6.13}{\376\377\0006\000.\0001\0003\000\040\000l\000i\000b\000r\000a\000p\000i\000d\000:\000:\000d\000e\000t\000a\000i\000l\000:\000:\000F\000u\000n\000c\000t\000i\000o\000n\000<\000\040\000F\000u\000n\000c\000t\000o\000r\000\137\000,\000\040\000A\000r\000g\000s\000\040\000>\000\040\000C\000l\000a\000s\000s\000\040\000T\000e\000m\000p\000l\000a\000t\000e\000\040\000R\000e\000f\000e\000r\000e\000n\000c\000e}{chapter.6}% 56
\BOOKMARK [2][-]{subsection.6.13.1}{\376\377\0006\000.\0001\0003\000.\0001\000\040\000C\000o\000n\000s\000t\000r\000u\000c\000t\000o\000r\000\040\000\046\000\040\000D\000e\000s\000t\000r\000u\000c\000t\000o\000r\000\040\000D\000o\000c\000u\000m\000e\000n\000t\000a\000t\000i\000o\000n}{section.6.13}% 57
\BOOKMARK [3][-]{subsubsection.6.13.1.1}{\376\377\0006\000.\0001\0003\000.\0001\000.\0001\000\040\000F\000u\000n\000c\000t\000i\000o\000n\000\050\000\051\000\040\000[\0001\000/\0003\000]}{subsection.6.13.1}% 58
\BOOKMARK [3][-]{subsubsection.6.13.1.2}{\376\377\0006\000.\0001\0003\000.\0001\000.\0002\000\040\000F\000u\000n\000c\000t\000i\000o\000n\000\050\000\051\000\040\000[\0002\000/\0003\000]}{subsection.6.13.1}% 59
\BOOKMARK [3][-]{subsubsection.6.13.1.3}{\376\377\0006\000.\0001\0003\000.\0001\000.\0003\000\040\000F\000u\000n\000c\000t\000i\000o\000n\000\050\000\051\000\040\000[\0003\000/\0003\000]}{subsection.6.13.1}% 60
\BOOKMARK [2][-]{subsection.6.13.2}{\376\377\0006\000.\0001\0003\000.\0002\000\040\000M\000e\000m\000b\000e\000r\000\040\000F\000u\000n\000c\000t\000i\000o\000n\000\040\000D\000o\000c\000u\000m\000e\000n\000t\000a\000t\000i\000o\000n}{section.6.13}% 61
\BOOKMARK [3][-]{subsubsection.6.13.2.1}{\376\377\0006\000.\0001\0003\000.\0002\000.\0001\000\040\000o\000p\000e\000r\000a\000t\000o\000r\000=\000\050\000\051\000\040\000[\0001\000/\0002\000]}{subsection.6.13.2}% 62
\BOOKMARK [3][-]{subsubsection.6.13.2.2}{\376\377\0006\000.\0001\0003\000.\0002\000.\0002\000\040\000o\000p\000e\000r\000a\000t\000o\000r\000=\000\050\000\051\000\040\000[\0002\000/\0002\000]}{subsection.6.13.2}% 63
\BOOKMARK [3][-]{subsubsection.6.13.2.3}{\376\377\0006\000.\0001\0003\000.\0002\000.\0003\000\040\000p\000a\000c\000k\000e\000t\000\050\000\051}{subsection.6.13.2}% 64
\BOOKMARK [3][-]{subsubsection.6.13.2.4}{\376\377\0006\000.\0001\0003\000.\0002\000.\0004\000\040\000s\000c\000a\000l\000a\000r\000\050\000\051}{subsection.6.13.2}% 65
\BOOKMARK [1][-]{section.6.14}{\376\377\0006\000.\0001\0004\000\040\000l\000i\000b\000r\000a\000p\000i\000d\000:\000:\000d\000e\000v\000i\000c\000e\000:\000:\000G\000P\000U\000\040\000S\000t\000r\000u\000c\000t\000\040\000R\000e\000f\000e\000r\000e\000n\000c\000e}{chapter.6}% 66
\BOOKMARK [1][-]{section.6.15}{\376\377\0006\000.\0001\0005\000\040\000l\000i\000b\000r\000a\000p\000i\000d\000:\000:\000t\000y\000p\000e\000t\000r\000a\000i\000t\000s\000:\000:\000H\000a\000s\000A\000d\000d\000i\000t\000i\000o\000n\000<\000\040\000T\000,\000\040\000V\000\040\000>\000\040\000S\000t\000r\000u\000c\000t\000\040\000T\000e\000m\000p\000l\000a\000t\000e\000\040\000R\000e\000f\000e\000r\000e\000n\000c\000e}{chapter.6}% 67
\BOOKMARK [1][-]{section.6.16}{\376\377\0006\000.\0001\0006\000\040\000l\000i\000b\000r\000a\000p\000i\000d\000:\000:\000t\000y\000p\000e\000t\000r\000a\000i\000t\000s\000:\000:\000H\000a\000s\000M\000u\000l\000t\000i\000p\000l\000i\000c\000a\000t\000i\000o\000n\000<\000\040\000T\000,\000\040\000V\000\040\000>\000\040\000S\000t\000r\000u\000c\000t\000\040\000T\000e\000m\000p\000l\000a\000t\000e\000\040\000R\000e\000f\000e\000r\000e\000n\000c\000e}{chapter.6}% 68
\BOOKMARK [1][-]{section.6.17}{\376\377\0006\000.\0001\0007\000\040\000l\000i\000b\000r\000a\000p\000i\000d\000:\000:\000t\000y\000p\000e\000t\000r\000a\000i\000t\000s\000:\000:\000H\000a\000s\000S\000u\000b\000s\000c\000r\000i\000p\000t\000<\000\040\000T\000,\000\040\000I\000n\000d\000e\000x\000\040\000>\000\040\000S\000t\000r\000u\000c\000t\000\040\000T\000e\000m\000p\000l\000a\000t\000e\000\040\000R\000e\000f\000e\000r\000e\000n\000c\000e}{chapter.6}% 69
\BOOKMARK [1][-]{section.6.18}{\376\377\0006\000.\0001\0008\000\040\000c\000x\000x\000b\000l\000a\000s\000:\000:\000I\000f\000<\000\040\000A\000n\000y\000\040\000>\000\040\000S\000t\000r\000u\000c\000t\000\040\000T\000e\000m\000p\000l\000a\000t\000e\000\040\000R\000e\000f\000e\000r\000e\000n\000c\000e}{chapter.6}% 70
\BOOKMARK [1][-]{section.6.19}{\376\377\0006\000.\0001\0009\000\040\000c\000x\000x\000b\000l\000a\000s\000:\000:\000I\000f\000<\000\040\000i\000n\000t\000\040\000>\000\040\000S\000t\000r\000u\000c\000t\000\040\000R\000e\000f\000e\000r\000e\000n\000c\000e}{chapter.6}% 71
\BOOKMARK [1][-]{section.6.20}{\376\377\0006\000.\0002\0000\000\040\000c\000x\000x\000b\000l\000a\000s\000:\000:\000I\000f\000<\000\040\000l\000o\000n\000g\000\040\000>\000\040\000S\000t\000r\000u\000c\000t\000\040\000R\000e\000f\000e\000r\000e\000n\000c\000e}{chapter.6}% 72
\BOOKMARK [1][-]{section.6.21}{\376\377\0006\000.\0002\0001\000\040\000c\000x\000x\000b\000l\000a\000s\000:\000:\000I\000s\000C\000o\000m\000p\000l\000e\000x\000<\000\040\000T\000\040\000>\000\040\000S\000t\000r\000u\000c\000t\000\040\000T\000e\000m\000p\000l\000a\000t\000e\000\040\000R\000e\000f\000e\000r\000e\000n\000c\000e}{chapter.6}% 73
\BOOKMARK [1][-]{section.6.22}{\376\377\0006\000.\0002\0002\000\040\000c\000x\000x\000b\000l\000a\000s\000:\000:\000I\000s\000N\000o\000t\000C\000o\000m\000p\000l\000e\000x\000<\000\040\000T\000\040\000>\000\040\000S\000t\000r\000u\000c\000t\000\040\000T\000e\000m\000p\000l\000a\000t\000e\000\040\000R\000e\000f\000e\000r\000e\000n\000c\000e}{chapter.6}% 74
\BOOKMARK [1][-]{section.6.23}{\376\377\0006\000.\0002\0003\000\040\000c\000x\000x\000b\000l\000a\000s\000:\000:\000I\000s\000N\000o\000t\000C\000o\000m\000p\000l\000e\000x\000<\000\040\000s\000t\000d\000:\000:\000c\000o\000m\000p\000l\000e\000x\000<\000\040\000T\000\040\000>\000\040\000>\000\040\000S\000t\000r\000u\000c\000t\000\040\000T\000e\000m\000p\000l\000a\000t\000e\000\040\000R\000e\000f\000e\000r\000e\000n\000c\000e}{chapter.6}% 75
\BOOKMARK [1][-]{section.6.24}{\376\377\0006\000.\0002\0004\000\040\000c\000x\000x\000b\000l\000a\000s\000:\000:\000I\000s\000S\000a\000m\000e\000<\000\040\000A\000r\000g\000s\000\040\000>\000\040\000S\000t\000r\000u\000c\000t\000\040\000T\000e\000m\000p\000l\000a\000t\000e\000\040\000R\000e\000f\000e\000r\000e\000n\000c\000e}{chapter.6}% 76
\BOOKMARK [1][-]{section.6.25}{\376\377\0006\000.\0002\0005\000\040\000c\000x\000x\000b\000l\000a\000s\000:\000:\000I\000s\000S\000a\000m\000e\000<\000\040\000T\000\040\000>\000\040\000S\000t\000r\000u\000c\000t\000\040\000T\000e\000m\000p\000l\000a\000t\000e\000\040\000R\000e\000f\000e\000r\000e\000n\000c\000e}{chapter.6}% 77
\BOOKMARK [1][-]{section.6.26}{\376\377\0006\000.\0002\0006\000\040\000c\000x\000x\000b\000l\000a\000s\000:\000:\000I\000s\000S\000a\000m\000e\000<\000\040\000T\000,\000\040\000T\000\040\000>\000\040\000S\000t\000r\000u\000c\000t\000\040\000T\000e\000m\000p\000l\000a\000t\000e\000\040\000R\000e\000f\000e\000r\000e\000n\000c\000e}{chapter.6}% 78
\BOOKMARK [1][-]{section.6.27}{\376\377\0006\000.\0002\0007\000\040\000c\000x\000x\000b\000l\000a\000s\000:\000:\000I\000s\000S\000a\000m\000e\000<\000\040\000T\000,\000\040\000T\000,\000\040\000A\000r\000g\000s\000.\000.\000.\000\040\000>\000\040\000S\000t\000r\000u\000c\000t\000\040\000T\000e\000m\000p\000l\000a\000t\000e\000\040\000R\000e\000f\000e\000r\000e\000n\000c\000e}{chapter.6}% 79
\BOOKMARK [1][-]{section.6.28}{\376\377\0006\000.\0002\0008\000\040\000l\000i\000b\000r\000a\000p\000i\000d\000:\000:\000d\000e\000t\000a\000i\000l\000:\000:\000P\000r\000e\000M\000a\000i\000n\000\040\000C\000l\000a\000s\000s\000\040\000R\000e\000f\000e\000r\000e\000n\000c\000e}{chapter.6}% 80
\BOOKMARK [1][-]{section.6.29}{\376\377\0006\000.\0002\0009\000\040\000c\000x\000x\000b\000l\000a\000s\000:\000:\000R\000e\000s\000t\000r\000i\000c\000t\000T\000o\000<\000\040\000b\000,\000\040\000T\000\040\000>\000\040\000S\000t\000r\000u\000c\000t\000\040\000T\000e\000m\000p\000l\000a\000t\000e\000\040\000R\000e\000f\000e\000r\000e\000n\000c\000e}{chapter.6}% 81
\BOOKMARK [1][-]{section.6.30}{\376\377\0006\000.\0003\0000\000\040\000c\000x\000x\000b\000l\000a\000s\000:\000:\000R\000e\000s\000t\000r\000i\000c\000t\000T\000o\000<\000\040\000t\000r\000u\000e\000,\000\040\000T\000\040\000>\000\040\000S\000t\000r\000u\000c\000t\000\040\000T\000e\000m\000p\000l\000a\000t\000e\000\040\000R\000e\000f\000e\000r\000e\000n\000c\000e}{chapter.6}% 82
\BOOKMARK [1][-]{section.6.31}{\376\377\0006\000.\0003\0001\000\040\000l\000i\000b\000r\000a\000p\000i\000d\000:\000:\000S\000h\000a\000p\000e\000<\000\040\000T\000,\000\040\000N\000\040\000>\000\040\000C\000l\000a\000s\000s\000\040\000T\000e\000m\000p\000l\000a\000t\000e\000\040\000R\000e\000f\000e\000r\000e\000n\000c\000e}{chapter.6}% 83
\BOOKMARK [2][-]{subsection.6.31.1}{\376\377\0006\000.\0003\0001\000.\0001\000\040\000C\000o\000n\000s\000t\000r\000u\000c\000t\000o\000r\000\040\000\046\000\040\000D\000e\000s\000t\000r\000u\000c\000t\000o\000r\000\040\000D\000o\000c\000u\000m\000e\000n\000t\000a\000t\000i\000o\000n}{section.6.31}% 84
\BOOKMARK [3][-]{subsubsection.6.31.1.1}{\376\377\0006\000.\0003\0001\000.\0001\000.\0001\000\040\000S\000h\000a\000p\000e\000\050\000\051\000\040\000[\0001\000/\0006\000]}{subsection.6.31.1}% 85
\BOOKMARK [3][-]{subsubsection.6.31.1.2}{\376\377\0006\000.\0003\0001\000.\0001\000.\0002\000\040\000S\000h\000a\000p\000e\000\050\000\051\000\040\000[\0002\000/\0006\000]}{subsection.6.31.1}% 86
\BOOKMARK [3][-]{subsubsection.6.31.1.3}{\376\377\0006\000.\0003\0001\000.\0001\000.\0003\000\040\000S\000h\000a\000p\000e\000\050\000\051\000\040\000[\0003\000/\0006\000]}{subsection.6.31.1}% 87
\BOOKMARK [3][-]{subsubsection.6.31.1.4}{\376\377\0006\000.\0003\0001\000.\0001\000.\0004\000\040\000S\000h\000a\000p\000e\000\050\000\051\000\040\000[\0004\000/\0006\000]}{subsection.6.31.1}% 88
\BOOKMARK [3][-]{subsubsection.6.31.1.5}{\376\377\0006\000.\0003\0001\000.\0001\000.\0005\000\040\000S\000h\000a\000p\000e\000\050\000\051\000\040\000[\0005\000/\0006\000]}{subsection.6.31.1}% 89
\BOOKMARK [3][-]{subsubsection.6.31.1.6}{\376\377\0006\000.\0003\0001\000.\0001\000.\0006\000\040\000S\000h\000a\000p\000e\000\050\000\051\000\040\000[\0006\000/\0006\000]}{subsection.6.31.1}% 90
\BOOKMARK [2][-]{subsection.6.31.2}{\376\377\0006\000.\0003\0001\000.\0002\000\040\000M\000e\000m\000b\000e\000r\000\040\000F\000u\000n\000c\000t\000i\000o\000n\000\040\000D\000o\000c\000u\000m\000e\000n\000t\000a\000t\000i\000o\000n}{section.6.31}% 91
\BOOKMARK [3][-]{subsubsection.6.31.2.1}{\376\377\0006\000.\0003\0001\000.\0002\000.\0001\000\040\000n\000d\000i\000m\000\050\000\051}{subsection.6.31.2}% 92
\BOOKMARK [3][-]{subsubsection.6.31.2.2}{\376\377\0006\000.\0003\0001\000.\0002\000.\0002\000\040\000o\000n\000e\000s\000\050\000\051}{subsection.6.31.2}% 93
\BOOKMARK [3][-]{subsubsection.6.31.2.3}{\376\377\0006\000.\0003\0001\000.\0002\000.\0003\000\040\000o\000p\000e\000r\000a\000t\000o\000r\000!\000=\000\050\000\051}{subsection.6.31.2}% 94
\BOOKMARK [3][-]{subsubsection.6.31.2.4}{\376\377\0006\000.\0003\0001\000.\0002\000.\0004\000\040\000o\000p\000e\000r\000a\000t\000o\000r\000=\000\050\000\051\000\040\000[\0001\000/\0003\000]}{subsection.6.31.2}% 95
\BOOKMARK [3][-]{subsubsection.6.31.2.5}{\376\377\0006\000.\0003\0001\000.\0002\000.\0005\000\040\000o\000p\000e\000r\000a\000t\000o\000r\000=\000\050\000\051\000\040\000[\0002\000/\0003\000]}{subsection.6.31.2}% 96
\BOOKMARK [3][-]{subsubsection.6.31.2.6}{\376\377\0006\000.\0003\0001\000.\0002\000.\0006\000\040\000o\000p\000e\000r\000a\000t\000o\000r\000=\000\050\000\051\000\040\000[\0003\000/\0003\000]}{subsection.6.31.2}% 97
\BOOKMARK [3][-]{subsubsection.6.31.2.7}{\376\377\0006\000.\0003\0001\000.\0002\000.\0007\000\040\000o\000p\000e\000r\000a\000t\000o\000r\000=\000=\000\050\000\051}{subsection.6.31.2}% 98
\BOOKMARK [3][-]{subsubsection.6.31.2.8}{\376\377\0006\000.\0003\0001\000.\0002\000.\0008\000\040\000o\000p\000e\000r\000a\000t\000o\000r\000[\000]\000\050\000\051\000\040\000[\0001\000/\0002\000]}{subsection.6.31.2}% 99
\BOOKMARK [3][-]{subsubsection.6.31.2.9}{\376\377\0006\000.\0003\0001\000.\0002\000.\0009\000\040\000o\000p\000e\000r\000a\000t\000o\000r\000[\000]\000\050\000\051\000\040\000[\0002\000/\0002\000]}{subsection.6.31.2}% 100
\BOOKMARK [3][-]{subsubsection.6.31.2.10}{\376\377\0006\000.\0003\0001\000.\0002\000.\0001\0000\000\040\000s\000i\000z\000e\000\050\000\051}{subsection.6.31.2}% 101
\BOOKMARK [3][-]{subsubsection.6.31.2.11}{\376\377\0006\000.\0003\0001\000.\0002\000.\0001\0001\000\040\000s\000t\000r\000\050\000\051}{subsection.6.31.2}% 102
\BOOKMARK [3][-]{subsubsection.6.31.2.12}{\376\377\0006\000.\0003\0001\000.\0002\000.\0001\0002\000\040\000z\000e\000r\000o\000s\000\050\000\051}{subsection.6.31.2}% 103
\BOOKMARK [1][-]{section.6.32}{\376\377\0006\000.\0003\0002\000\040\000s\000h\000a\000r\000e\000d\000M\000e\000m\000o\000r\000y\000I\000n\000f\000o\000\137\000s\000t\000\040\000S\000t\000r\000u\000c\000t\000\040\000R\000e\000f\000e\000r\000e\000n\000c\000e}{chapter.6}% 104
\BOOKMARK [1][-]{section.6.33}{\376\377\0006\000.\0003\0003\000\040\000S\000t\000o\000p\000W\000a\000t\000c\000h\000I\000n\000t\000e\000r\000f\000a\000c\000e\000\040\000C\000l\000a\000s\000s\000\040\000R\000e\000f\000e\000r\000e\000n\000c\000e}{chapter.6}% 105
\BOOKMARK [2][-]{subsection.6.33.1}{\376\377\0006\000.\0003\0003\000.\0001\000\040\000M\000e\000m\000b\000e\000r\000\040\000F\000u\000n\000c\000t\000i\000o\000n\000\040\000D\000o\000c\000u\000m\000e\000n\000t\000a\000t\000i\000o\000n}{section.6.33}% 106
\BOOKMARK [3][-]{subsubsection.6.33.1.1}{\376\377\0006\000.\0003\0003\000.\0001\000.\0001\000\040\000g\000e\000t\000A\000v\000e\000r\000a\000g\000e\000T\000i\000m\000e\000\050\000\051}{subsection.6.33.1}% 107
\BOOKMARK [3][-]{subsubsection.6.33.1.2}{\376\377\0006\000.\0003\0003\000.\0001\000.\0002\000\040\000g\000e\000t\000T\000i\000m\000e\000\050\000\051}{subsection.6.33.1}% 108
\BOOKMARK [3][-]{subsubsection.6.33.1.3}{\376\377\0006\000.\0003\0003\000.\0001\000.\0003\000\040\000r\000e\000s\000e\000t\000\050\000\051}{subsection.6.33.1}% 109
\BOOKMARK [3][-]{subsubsection.6.33.1.4}{\376\377\0006\000.\0003\0003\000.\0001\000.\0004\000\040\000s\000t\000a\000r\000t\000\050\000\051}{subsection.6.33.1}% 110
\BOOKMARK [3][-]{subsubsection.6.33.1.5}{\376\377\0006\000.\0003\0003\000.\0001\000.\0005\000\040\000s\000t\000o\000p\000\050\000\051}{subsection.6.33.1}% 111
\BOOKMARK [1][-]{section.6.34}{\376\377\0006\000.\0003\0004\000\040\000S\000t\000o\000p\000W\000a\000t\000c\000h\000L\000i\000n\000u\000x\000\040\000C\000l\000a\000s\000s\000\040\000R\000e\000f\000e\000r\000e\000n\000c\000e}{chapter.6}% 112
\BOOKMARK [2][-]{subsection.6.34.1}{\376\377\0006\000.\0003\0004\000.\0001\000\040\000D\000e\000t\000a\000i\000l\000e\000d\000\040\000D\000e\000s\000c\000r\000i\000p\000t\000i\000o\000n}{section.6.34}% 113
\BOOKMARK [2][-]{subsection.6.34.2}{\376\377\0006\000.\0003\0004\000.\0002\000\040\000M\000e\000m\000b\000e\000r\000\040\000F\000u\000n\000c\000t\000i\000o\000n\000\040\000D\000o\000c\000u\000m\000e\000n\000t\000a\000t\000i\000o\000n}{section.6.34}% 114
\BOOKMARK [3][-]{subsubsection.6.34.2.1}{\376\377\0006\000.\0003\0004\000.\0002\000.\0001\000\040\000g\000e\000t\000A\000v\000e\000r\000a\000g\000e\000T\000i\000m\000e\000\050\000\051}{subsection.6.34.2}% 115
\BOOKMARK [3][-]{subsubsection.6.34.2.2}{\376\377\0006\000.\0003\0004\000.\0002\000.\0002\000\040\000g\000e\000t\000T\000i\000m\000e\000\050\000\051}{subsection.6.34.2}% 116
\BOOKMARK [3][-]{subsubsection.6.34.2.3}{\376\377\0006\000.\0003\0004\000.\0002\000.\0003\000\040\000r\000e\000s\000e\000t\000\050\000\051}{subsection.6.34.2}% 117
\BOOKMARK [3][-]{subsubsection.6.34.2.4}{\376\377\0006\000.\0003\0004\000.\0002\000.\0004\000\040\000s\000t\000a\000r\000t\000\050\000\051}{subsection.6.34.2}% 118
\BOOKMARK [3][-]{subsubsection.6.34.2.5}{\376\377\0006\000.\0003\0004\000.\0002\000.\0005\000\040\000s\000t\000o\000p\000\050\000\051}{subsection.6.34.2}% 119
\BOOKMARK [1][-]{section.6.35}{\376\377\0006\000.\0003\0005\000\040\000l\000i\000b\000r\000a\000p\000i\000d\000:\000:\000S\000t\000o\000r\000a\000g\000e\000<\000\040\000S\000c\000a\000l\000a\000r\000\137\000,\000\040\000A\000l\000l\000o\000c\000a\000t\000o\000r\000\137\000\040\000>\000\040\000C\000l\000a\000s\000s\000\040\000T\000e\000m\000p\000l\000a\000t\000e\000\040\000R\000e\000f\000e\000r\000e\000n\000c\000e}{chapter.6}% 120
\BOOKMARK [2][-]{subsection.6.35.1}{\376\377\0006\000.\0003\0005\000.\0001\000\040\000C\000o\000n\000s\000t\000r\000u\000c\000t\000o\000r\000\040\000\046\000\040\000D\000e\000s\000t\000r\000u\000c\000t\000o\000r\000\040\000D\000o\000c\000u\000m\000e\000n\000t\000a\000t\000i\000o\000n}{section.6.35}% 121
\BOOKMARK [3][-]{subsubsection.6.35.1.1}{\376\377\0006\000.\0003\0005\000.\0001\000.\0001\000\040\000S\000t\000o\000r\000a\000g\000e\000\050\000\051\000\040\000[\0001\000/\0006\000]}{subsection.6.35.1}% 122
\BOOKMARK [3][-]{subsubsection.6.35.1.2}{\376\377\0006\000.\0003\0005\000.\0001\000.\0002\000\040\000S\000t\000o\000r\000a\000g\000e\000\050\000\051\000\040\000[\0002\000/\0006\000]}{subsection.6.35.1}% 123
\BOOKMARK [3][-]{subsubsection.6.35.1.3}{\376\377\0006\000.\0003\0005\000.\0001\000.\0003\000\040\000S\000t\000o\000r\000a\000g\000e\000\050\000\051\000\040\000[\0003\000/\0006\000]}{subsection.6.35.1}% 124
\BOOKMARK [3][-]{subsubsection.6.35.1.4}{\376\377\0006\000.\0003\0005\000.\0001\000.\0004\000\040\000S\000t\000o\000r\000a\000g\000e\000\050\000\051\000\040\000[\0004\000/\0006\000]}{subsection.6.35.1}% 125
\BOOKMARK [3][-]{subsubsection.6.35.1.5}{\376\377\0006\000.\0003\0005\000.\0001\000.\0005\000\040\000S\000t\000o\000r\000a\000g\000e\000\050\000\051\000\040\000[\0005\000/\0006\000]}{subsection.6.35.1}% 126
\BOOKMARK [3][-]{subsubsection.6.35.1.6}{\376\377\0006\000.\0003\0005\000.\0001\000.\0006\000\040\000S\000t\000o\000r\000a\000g\000e\000\050\000\051\000\040\000[\0006\000/\0006\000]}{subsection.6.35.1}% 127
\BOOKMARK [2][-]{subsection.6.35.2}{\376\377\0006\000.\0003\0005\000.\0002\000\040\000M\000e\000m\000b\000e\000r\000\040\000F\000u\000n\000c\000t\000i\000o\000n\000\040\000D\000o\000c\000u\000m\000e\000n\000t\000a\000t\000i\000o\000n}{section.6.35}% 128
\BOOKMARK [3][-]{subsubsection.6.35.2.1}{\376\377\0006\000.\0003\0005\000.\0002\000.\0001\000\040\000o\000p\000e\000r\000a\000t\000o\000r\000=\000\050\000\051\000\040\000[\0001\000/\0002\000]}{subsection.6.35.2}% 129
\BOOKMARK [3][-]{subsubsection.6.35.2.2}{\376\377\0006\000.\0003\0005\000.\0002\000.\0002\000\040\000o\000p\000e\000r\000a\000t\000o\000r\000=\000\050\000\051\000\040\000[\0002\000/\0002\000]}{subsection.6.35.2}% 130
\BOOKMARK [3][-]{subsubsection.6.35.2.3}{\376\377\0006\000.\0003\0005\000.\0002\000.\0003\000\040\000r\000e\000s\000i\000z\000e\000\050\000\051\000\040\000[\0001\000/\0002\000]}{subsection.6.35.2}% 131
\BOOKMARK [3][-]{subsubsection.6.35.2.4}{\376\377\0006\000.\0003\0005\000.\0002\000.\0004\000\040\000r\000e\000s\000i\000z\000e\000\050\000\051\000\040\000[\0002\000/\0002\000]}{subsection.6.35.2}% 132
\BOOKMARK [1][-]{section.6.36}{\376\377\0006\000.\0003\0006\000\040\000t\000e\000s\000t\000O\000p\000t\000s\000\040\000S\000t\000r\000u\000c\000t\000\040\000R\000e\000f\000e\000r\000e\000n\000c\000e}{chapter.6}% 133
\BOOKMARK [1][-]{section.6.37}{\376\377\0006\000.\0003\0007\000\040\000l\000i\000b\000r\000a\000p\000i\000d\000:\000:\000t\000y\000p\000e\000t\000r\000a\000i\000t\000s\000:\000:\000T\000y\000p\000e\000I\000n\000f\000o\000<\000\040\000T\000\040\000>\000\040\000S\000t\000r\000u\000c\000t\000\040\000T\000e\000m\000p\000l\000a\000t\000e\000\040\000R\000e\000f\000e\000r\000e\000n\000c\000e}{chapter.6}% 134
\BOOKMARK [2][-]{subsection.6.37.1}{\376\377\0006\000.\0003\0007\000.\0001\000\040\000D\000e\000t\000a\000i\000l\000e\000d\000\040\000D\000e\000s\000c\000r\000i\000p\000t\000i\000o\000n}{section.6.37}% 135
\BOOKMARK [1][-]{section.6.38}{\376\377\0006\000.\0003\0008\000\040\000l\000i\000b\000r\000a\000p\000i\000d\000:\000:\000t\000y\000p\000e\000t\000r\000a\000i\000t\000s\000:\000:\000T\000y\000p\000e\000I\000n\000f\000o\000<\000\040\000A\000r\000r\000a\000y\000C\000o\000n\000t\000a\000i\000n\000e\000r\000<\000\040\000S\000h\000a\000p\000e\000T\000y\000p\000e\000\137\000,\000\040\000S\000t\000o\000r\000a\000g\000e\000T\000y\000p\000e\000\137\000\040\000>\000\040\000>\000\040\000S\000t\000r\000u\000c\000t\000\040\000T\000e\000m\000p\000l\000a\000t\000e\000\040\000R\000e\000f\000e\000r\000e\000n\000c\000e}{chapter.6}% 136
\BOOKMARK [1][-]{section.6.39}{\376\377\0006\000.\0003\0009\000\040\000l\000i\000b\000r\000a\000p\000i\000d\000:\000:\000t\000y\000p\000e\000t\000r\000a\000i\000t\000s\000:\000:\000T\000y\000p\000e\000I\000n\000f\000o\000<\000\040\000b\000o\000o\000l\000\040\000>\000\040\000S\000t\000r\000u\000c\000t\000\040\000R\000e\000f\000e\000r\000e\000n\000c\000e}{chapter.6}% 137
\BOOKMARK [1][-]{section.6.40}{\376\377\0006\000.\0004\0000\000\040\000l\000i\000b\000r\000a\000p\000i\000d\000:\000:\000t\000y\000p\000e\000t\000r\000a\000i\000t\000s\000:\000:\000T\000y\000p\000e\000I\000n\000f\000o\000<\000\040\000c\000h\000a\000r\000\040\000>\000\040\000S\000t\000r\000u\000c\000t\000\040\000R\000e\000f\000e\000r\000e\000n\000c\000e}{chapter.6}% 138
\BOOKMARK [1][-]{section.6.41}{\376\377\0006\000.\0004\0001\000\040\000l\000i\000b\000r\000a\000p\000i\000d\000:\000:\000t\000y\000p\000e\000t\000r\000a\000i\000t\000s\000:\000:\000T\000y\000p\000e\000I\000n\000f\000o\000<\000\040\000d\000o\000u\000b\000l\000e\000\040\000>\000\040\000S\000t\000r\000u\000c\000t\000\040\000R\000e\000f\000e\000r\000e\000n\000c\000e}{chapter.6}% 139
\BOOKMARK [1][-]{section.6.42}{\376\377\0006\000.\0004\0002\000\040\000l\000i\000b\000r\000a\000p\000i\000d\000:\000:\000t\000y\000p\000e\000t\000r\000a\000i\000t\000s\000:\000:\000T\000y\000p\000e\000I\000n\000f\000o\000<\000\040\000f\000l\000o\000a\000t\000\040\000>\000\040\000S\000t\000r\000u\000c\000t\000\040\000R\000e\000f\000e\000r\000e\000n\000c\000e}{chapter.6}% 140
\BOOKMARK [1][-]{section.6.43}{\376\377\0006\000.\0004\0003\000\040\000l\000i\000b\000r\000a\000p\000i\000d\000:\000:\000t\000y\000p\000e\000t\000r\000a\000i\000t\000s\000:\000:\000T\000y\000p\000e\000I\000n\000f\000o\000<\000\040\000i\000n\000t\0001\0006\000\137\000t\000\040\000>\000\040\000S\000t\000r\000u\000c\000t\000\040\000R\000e\000f\000e\000r\000e\000n\000c\000e}{chapter.6}% 141
\BOOKMARK [1][-]{section.6.44}{\376\377\0006\000.\0004\0004\000\040\000l\000i\000b\000r\000a\000p\000i\000d\000:\000:\000t\000y\000p\000e\000t\000r\000a\000i\000t\000s\000:\000:\000T\000y\000p\000e\000I\000n\000f\000o\000<\000\040\000i\000n\000t\0003\0002\000\137\000t\000\040\000>\000\040\000S\000t\000r\000u\000c\000t\000\040\000R\000e\000f\000e\000r\000e\000n\000c\000e}{chapter.6}% 142
\BOOKMARK [1][-]{section.6.45}{\376\377\0006\000.\0004\0005\000\040\000l\000i\000b\000r\000a\000p\000i\000d\000:\000:\000t\000y\000p\000e\000t\000r\000a\000i\000t\000s\000:\000:\000T\000y\000p\000e\000I\000n\000f\000o\000<\000\040\000i\000n\000t\0006\0004\000\137\000t\000\040\000>\000\040\000S\000t\000r\000u\000c\000t\000\040\000R\000e\000f\000e\000r\000e\000n\000c\000e}{chapter.6}% 143
\BOOKMARK [1][-]{section.6.46}{\376\377\0006\000.\0004\0006\000\040\000l\000i\000b\000r\000a\000p\000i\000d\000:\000:\000t\000y\000p\000e\000t\000r\000a\000i\000t\000s\000:\000:\000T\000y\000p\000e\000I\000n\000f\000o\000<\000\040\000i\000n\000t\0008\000\137\000t\000\040\000>\000\040\000S\000t\000r\000u\000c\000t\000\040\000R\000e\000f\000e\000r\000e\000n\000c\000e}{chapter.6}% 144
\BOOKMARK [1][-]{section.6.47}{\376\377\0006\000.\0004\0007\000\040\000l\000i\000b\000r\000a\000p\000i\000d\000:\000:\000t\000y\000p\000e\000t\000r\000a\000i\000t\000s\000:\000:\000T\000y\000p\000e\000I\000n\000f\000o\000<\000\040\000S\000t\000o\000r\000a\000g\000e\000<\000\040\000S\000c\000a\000l\000a\000r\000\137\000,\000\040\000A\000l\000l\000o\000c\000a\000t\000o\000r\000\137\000\040\000>\000\040\000>\000\040\000S\000t\000r\000u\000c\000t\000\040\000T\000e\000m\000p\000l\000a\000t\000e\000\040\000R\000e\000f\000e\000r\000e\000n\000c\000e}{chapter.6}% 145
\BOOKMARK [1][-]{section.6.48}{\376\377\0006\000.\0004\0008\000\040\000l\000i\000b\000r\000a\000p\000i\000d\000:\000:\000t\000y\000p\000e\000t\000r\000a\000i\000t\000s\000:\000:\000T\000y\000p\000e\000I\000n\000f\000o\000<\000\040\000u\000i\000n\000t\0001\0006\000\137\000t\000\040\000>\000\040\000S\000t\000r\000u\000c\000t\000\040\000R\000e\000f\000e\000r\000e\000n\000c\000e}{chapter.6}% 146
\BOOKMARK [1][-]{section.6.49}{\376\377\0006\000.\0004\0009\000\040\000l\000i\000b\000r\000a\000p\000i\000d\000:\000:\000t\000y\000p\000e\000t\000r\000a\000i\000t\000s\000:\000:\000T\000y\000p\000e\000I\000n\000f\000o\000<\000\040\000u\000i\000n\000t\0003\0002\000\137\000t\000\040\000>\000\040\000S\000t\000r\000u\000c\000t\000\040\000R\000e\000f\000e\000r\000e\000n\000c\000e}{chapter.6}% 147
\BOOKMARK [1][-]{section.6.50}{\376\377\0006\000.\0005\0000\000\040\000l\000i\000b\000r\000a\000p\000i\000d\000:\000:\000t\000y\000p\000e\000t\000r\000a\000i\000t\000s\000:\000:\000T\000y\000p\000e\000I\000n\000f\000o\000<\000\040\000u\000i\000n\000t\0006\0004\000\137\000t\000\040\000>\000\040\000S\000t\000r\000u\000c\000t\000\040\000R\000e\000f\000e\000r\000e\000n\000c\000e}{chapter.6}% 148
\BOOKMARK [1][-]{section.6.51}{\376\377\0006\000.\0005\0001\000\040\000l\000i\000b\000r\000a\000p\000i\000d\000:\000:\000t\000y\000p\000e\000t\000r\000a\000i\000t\000s\000:\000:\000T\000y\000p\000e\000I\000n\000f\000o\000<\000\040\000u\000i\000n\000t\0008\000\137\000t\000\040\000>\000\040\000S\000t\000r\000u\000c\000t\000\040\000R\000e\000f\000e\000r\000e\000n\000c\000e}{chapter.6}% 149
\BOOKMARK [1][-]{section.6.52}{\376\377\0006\000.\0005\0002\000\040\000l\000i\000b\000r\000a\000p\000i\000d\000:\000:\000t\000y\000p\000e\000t\000r\000a\000i\000t\000s\000:\000:\000T\000y\000p\000e\000I\000n\000f\000o\000<\000:\000:\000l\000i\000b\000r\000a\000p\000i\000d\000:\000:\000d\000e\000t\000a\000i\000l\000:\000:\000F\000u\000n\000c\000t\000i\000o\000n\000<\000\040\000F\000u\000n\000c\000t\000o\000r\000\137\000,\000\040\000A\000r\000g\000s\000.\000.\000.\000\040\000>\000\040\000>\000\040\000S\000t\000r\000u\000c\000t\000\040\000T\000e\000m\000p\000l\000a\000t\000e\000\040\000R\000e\000f\000e\000r\000e\000n\000c\000e}{chapter.6}% 150
\BOOKMARK [1][-]{section.6.53}{\376\377\0006\000.\0005\0003\000\040\000l\000i\000b\000r\000a\000p\000i\000d\000:\000:\000t\000y\000p\000e\000t\000r\000a\000i\000t\000s\000:\000:\000d\000e\000t\000a\000i\000l\000:\000:\000T\000y\000p\000e\000N\000a\000m\000e\000H\000o\000l\000d\000e\000r\000<\000\040\000T\000\040\000>\000\040\000S\000t\000r\000u\000c\000t\000\040\000T\000e\000m\000p\000l\000a\000t\000e\000\040\000R\000e\000f\000e\000r\000e\000n\000c\000e}{chapter.6}% 151
\BOOKMARK [0][-]{chapter.7}{\376\377\0007\000\040\000F\000i\000l\000e\000\040\000D\000o\000c\000u\000m\000e\000n\000t\000a\000t\000i\000o\000n}{}% 152
\BOOKMARK [1][-]{section.7.1}{\376\377\0007\000.\0001\000\040\000a\000u\000x\000i\000l\000i\000a\000r\000y\000.\000h}{chapter.7}% 153
\BOOKMARK [1][-]{section.7.2}{\376\377\0007\000.\0002\000\040\000c\000o\000m\000p\000l\000e\000x\000.\000h}{chapter.7}% 154
\BOOKMARK [1][-]{section.7.3}{\376\377\0007\000.\0003\000\040\000c\000o\000m\000p\000l\000e\000x\000t\000r\000a\000i\000t\000.\000h}{chapter.7}% 155
\BOOKMARK [1][-]{section.7.4}{\376\377\0007\000.\0004\000\040\000d\000e\000b\000u\000g\000m\000a\000c\000r\000o\000.\000h}{chapter.7}% 156
\BOOKMARK [1][-]{section.7.5}{\376\377\0007\000.\0005\000\040\000f\000a\000k\000e\000u\000s\000e\000.\000h}{chapter.7}% 157
\BOOKMARK [1][-]{section.7.6}{\376\377\0007\000.\0006\000\040\000i\000s\000c\000o\000m\000p\000l\000e\000x\000.\000h}{chapter.7}% 158
\BOOKMARK [1][-]{section.7.7}{\376\377\0007\000.\0007\000\040\000i\000s\000m\000p\000f\000r\000r\000e\000a\000l\000.\000h}{chapter.7}% 159
\BOOKMARK [1][-]{section.7.8}{\376\377\0007\000.\0008\000\040\000i\000s\000s\000a\000m\000e\000.\000h}{chapter.7}% 160
\BOOKMARK [1][-]{section.7.9}{\376\377\0007\000.\0009\000\040\000p\000o\000w\000.\000h}{chapter.7}% 161
\BOOKMARK [1][-]{section.7.10}{\376\377\0007\000.\0001\0000\000\040\000r\000e\000s\000t\000r\000i\000c\000t\000t\000o\000.\000h}{chapter.7}% 162
\BOOKMARK [1][-]{section.7.11}{\376\377\0007\000.\0001\0001\000\040\000c\000x\000x\000b\000l\000a\000s\000.\000h}{chapter.7}% 163
\BOOKMARK [1][-]{section.7.12}{\376\377\0007\000.\0001\0002\000\040\000a\000t\000l\000a\000s\000.\000h}{chapter.7}% 164
\BOOKMARK [1][-]{section.7.13}{\376\377\0007\000.\0001\0003\000\040\000c\000b\000l\000a\000s\000.\000h}{chapter.7}% 165
\BOOKMARK [1][-]{section.7.14}{\376\377\0007\000.\0001\0004\000\040\000d\000r\000i\000v\000e\000r\000s\000.\000h}{chapter.7}% 166
\BOOKMARK [1][-]{section.7.15}{\376\377\0007\000.\0001\0005\000\040\000g\000o\000t\000o\000b\000l\000a\000s\000.\000h}{chapter.7}% 167
\BOOKMARK [1][-]{section.7.16}{\376\377\0007\000.\0001\0006\000\040\000m\000k\000l\000b\000l\000a\000s\000.\000h}{chapter.7}% 168
\BOOKMARK [1][-]{section.7.17}{\376\377\0007\000.\0001\0007\000\040\000o\000p\000e\000n\000b\000l\000a\000s\000.\000h}{chapter.7}% 169
\BOOKMARK [1][-]{section.7.18}{\376\377\0007\000.\0001\0008\000\040\000r\000e\000f\000b\000l\000a\000s\000.\000h}{chapter.7}% 170
\BOOKMARK [1][-]{section.7.19}{\376\377\0007\000.\0001\0009\000\040\000s\000p\000a\000r\000s\000e\000b\000l\000a\000s\000.\000h}{chapter.7}% 171
\BOOKMARK [1][-]{section.7.20}{\376\377\0007\000.\0002\0000\000\040\000v\000e\000c\000l\000i\000b\000.\000h}{chapter.7}% 172
\BOOKMARK [1][-]{section.7.21}{\376\377\0007\000.\0002\0001\000\040\000a\000s\000u\000m\000.\000h}{chapter.7}% 173
\BOOKMARK [1][-]{section.7.22}{\376\377\0007\000.\0002\0002\000\040\000a\000x\000p\000y\000.\000h}{chapter.7}% 174
\BOOKMARK [1][-]{section.7.23}{\376\377\0007\000.\0002\0003\000\040\000a\000x\000p\000y\000.\000h}{chapter.7}% 175
\BOOKMARK [1][-]{section.7.24}{\376\377\0007\000.\0002\0004\000\040\000a\000x\000p\000y\000.\000h}{chapter.7}% 176
\BOOKMARK [1][-]{section.7.25}{\376\377\0007\000.\0002\0005\000\040\000c\000o\000p\000y\000.\000h}{chapter.7}% 177
\BOOKMARK [1][-]{section.7.26}{\376\377\0007\000.\0002\0006\000\040\000c\000o\000p\000y\000.\000h}{chapter.7}% 178
\BOOKMARK [1][-]{section.7.27}{\376\377\0007\000.\0002\0007\000\040\000d\000o\000t\000.\000h}{chapter.7}% 179
\BOOKMARK [1][-]{section.7.28}{\376\377\0007\000.\0002\0008\000\040\000d\000o\000t\000.\000h}{chapter.7}% 180
\BOOKMARK [1][-]{section.7.29}{\376\377\0007\000.\0002\0009\000\040\000i\000a\000m\000a\000x\000.\000h}{chapter.7}% 181
\BOOKMARK [1][-]{section.7.30}{\376\377\0007\000.\0003\0000\000\040\000l\000e\000v\000e\000l\0001\000.\000h}{chapter.7}% 182
\BOOKMARK [1][-]{section.7.31}{\376\377\0007\000.\0003\0001\000\040\000n\000r\000m\0002\000.\000h}{chapter.7}% 183
\BOOKMARK [1][-]{section.7.32}{\376\377\0007\000.\0003\0002\000\040\000r\000o\000t\000.\000h}{chapter.7}% 184
\BOOKMARK [1][-]{section.7.33}{\376\377\0007\000.\0003\0003\000\040\000r\000o\000t\000m\000.\000h}{chapter.7}% 185
\BOOKMARK [1][-]{section.7.34}{\376\377\0007\000.\0003\0004\000\040\000s\000c\000a\000l\000.\000h}{chapter.7}% 186
\BOOKMARK [1][-]{section.7.35}{\376\377\0007\000.\0003\0005\000\040\000s\000c\000a\000l\000.\000h}{chapter.7}% 187
\BOOKMARK [1][-]{section.7.36}{\376\377\0007\000.\0003\0006\000\040\000s\000w\000a\000p\000.\000h}{chapter.7}% 188
\BOOKMARK [1][-]{section.7.37}{\376\377\0007\000.\0003\0007\000\040\000a\000c\000x\000p\000b\000y\000.\000h}{chapter.7}% 189
\BOOKMARK [1][-]{section.7.38}{\376\377\0007\000.\0003\0008\000\040\000a\000c\000x\000p\000b\000y\000.\000h}{chapter.7}% 190
\BOOKMARK [1][-]{section.7.39}{\376\377\0007\000.\0003\0009\000\040\000a\000c\000x\000p\000y\000.\000h}{chapter.7}% 191
\BOOKMARK [1][-]{section.7.40}{\376\377\0007\000.\0004\0000\000\040\000a\000c\000x\000p\000y\000.\000h}{chapter.7}% 192
\BOOKMARK [1][-]{section.7.41}{\376\377\0007\000.\0004\0001\000\040\000a\000s\000u\000m\0001\000.\000h}{chapter.7}% 193
\BOOKMARK [1][-]{section.7.42}{\376\377\0007\000.\0004\0002\000\040\000a\000x\000p\000b\000y\000.\000h}{chapter.7}% 194
\BOOKMARK [1][-]{section.7.43}{\376\377\0007\000.\0004\0003\000\040\000a\000x\000p\000b\000y\000.\000h}{chapter.7}% 195
\BOOKMARK [1][-]{section.7.44}{\376\377\0007\000.\0004\0004\000\040\000c\000c\000o\000p\000y\000.\000h}{chapter.7}% 196
\BOOKMARK [1][-]{section.7.45}{\376\377\0007\000.\0004\0005\000\040\000c\000c\000o\000p\000y\000.\000h}{chapter.7}% 197
\BOOKMARK [1][-]{section.7.46}{\376\377\0007\000.\0004\0006\000\040\000g\000b\000a\000x\000p\000b\000y\000.\000h}{chapter.7}% 198
\BOOKMARK [1][-]{section.7.47}{\376\377\0007\000.\0004\0007\000\040\000g\000b\000a\000x\000p\000y\000.\000h}{chapter.7}% 199
\BOOKMARK [1][-]{section.7.48}{\376\377\0007\000.\0004\0008\000\040\000g\000b\000c\000o\000p\000y\000.\000h}{chapter.7}% 200
\BOOKMARK [1][-]{section.7.49}{\376\377\0007\000.\0004\0009\000\040\000g\000b\000c\000o\000t\000r\000.\000h}{chapter.7}% 201
\BOOKMARK [1][-]{section.7.50}{\376\377\0007\000.\0005\0000\000\040\000g\000b\000s\000c\000a\000l\000.\000h}{chapter.7}% 202
\BOOKMARK [1][-]{section.7.51}{\376\377\0007\000.\0005\0001\000\040\000g\000e\000a\000x\000p\000b\000y\000.\000h}{chapter.7}% 203
\BOOKMARK [1][-]{section.7.52}{\376\377\0007\000.\0005\0002\000\040\000g\000e\000a\000x\000p\000y\000.\000h}{chapter.7}% 204
\BOOKMARK [1][-]{section.7.53}{\376\377\0007\000.\0005\0003\000\040\000g\000e\000a\000x\000p\000y\000.\000h}{chapter.7}% 205
\BOOKMARK [1][-]{section.7.54}{\376\377\0007\000.\0005\0004\000\040\000g\000e\000c\000o\000p\000y\000.\000h}{chapter.7}% 206
\BOOKMARK [1][-]{section.7.55}{\376\377\0007\000.\0005\0005\000\040\000g\000e\000c\000o\000p\000y\000.\000h}{chapter.7}% 207
\BOOKMARK [1][-]{section.7.56}{\376\377\0007\000.\0005\0006\000\040\000g\000e\000c\000o\000t\000r\000.\000h}{chapter.7}% 208
\BOOKMARK [1][-]{section.7.57}{\376\377\0007\000.\0005\0007\000\040\000g\000e\000r\000a\000x\000p\000y\000.\000h}{chapter.7}% 209
\BOOKMARK [1][-]{section.7.58}{\376\377\0007\000.\0005\0008\000\040\000g\000e\000r\000s\000c\000a\000l\000.\000h}{chapter.7}% 210
\BOOKMARK [1][-]{section.7.59}{\376\377\0007\000.\0005\0009\000\040\000g\000e\000r\000s\000c\000a\000l\000.\000h}{chapter.7}% 211
\BOOKMARK [1][-]{section.7.60}{\376\377\0007\000.\0006\0000\000\040\000g\000e\000s\000c\000a\000l\000.\000h}{chapter.7}% 212
\BOOKMARK [1][-]{section.7.61}{\376\377\0007\000.\0006\0001\000\040\000g\000e\000s\000c\000a\000l\000.\000h}{chapter.7}% 213
\BOOKMARK [1][-]{section.7.62}{\376\377\0007\000.\0006\0002\000\040\000g\000e\000s\000w\000a\000p\000.\000h}{chapter.7}% 214
\BOOKMARK [1][-]{section.7.63}{\376\377\0007\000.\0006\0003\000\040\000h\000e\000s\000c\000a\000l\000.\000h}{chapter.7}% 215
\BOOKMARK [1][-]{section.7.64}{\376\377\0007\000.\0006\0004\000\040\000i\000m\000a\000x\0001\000.\000h}{chapter.7}% 216
\BOOKMARK [1][-]{section.7.65}{\376\377\0007\000.\0006\0005\000\040\000l\000e\000v\000e\000l\0001\000e\000x\000t\000e\000n\000s\000i\000o\000n\000s\000.\000h}{chapter.7}% 217
\BOOKMARK [1][-]{section.7.66}{\376\377\0007\000.\0006\0006\000\040\000r\000a\000c\000x\000p\000y\000.\000h}{chapter.7}% 218
\BOOKMARK [1][-]{section.7.67}{\376\377\0007\000.\0006\0007\000\040\000r\000a\000x\000p\000y\000.\000h}{chapter.7}% 219
\BOOKMARK [1][-]{section.7.68}{\376\377\0007\000.\0006\0008\000\040\000r\000s\000c\000a\000l\000.\000h}{chapter.7}% 220
\BOOKMARK [1][-]{section.7.69}{\376\377\0007\000.\0006\0009\000\040\000r\000s\000c\000a\000l\000.\000h}{chapter.7}% 221
\BOOKMARK [1][-]{section.7.70}{\376\377\0007\000.\0007\0000\000\040\000s\000y\000s\000c\000a\000l\000.\000h}{chapter.7}% 222
\BOOKMARK [1][-]{section.7.71}{\376\377\0007\000.\0007\0001\000\040\000t\000p\000a\000x\000p\000b\000y\000.\000h}{chapter.7}% 223
\BOOKMARK [1][-]{section.7.72}{\376\377\0007\000.\0007\0002\000\040\000t\000p\000a\000x\000p\000y\000.\000h}{chapter.7}% 224
\BOOKMARK [1][-]{section.7.73}{\376\377\0007\000.\0007\0003\000\040\000t\000p\000c\000o\000p\000y\000.\000h}{chapter.7}% 225
\BOOKMARK [1][-]{section.7.74}{\376\377\0007\000.\0007\0004\000\040\000t\000p\000s\000c\000a\000l\000.\000h}{chapter.7}% 226
\BOOKMARK [1][-]{section.7.75}{\376\377\0007\000.\0007\0005\000\040\000t\000r\000a\000x\000p\000b\000y\000.\000h}{chapter.7}% 227
\BOOKMARK [1][-]{section.7.76}{\376\377\0007\000.\0007\0006\000\040\000t\000r\000a\000x\000p\000y\000.\000h}{chapter.7}% 228
\BOOKMARK [1][-]{section.7.77}{\376\377\0007\000.\0007\0007\000\040\000t\000r\000c\000o\000p\000y\000.\000h}{chapter.7}% 229
\BOOKMARK [1][-]{section.7.78}{\376\377\0007\000.\0007\0008\000\040\000t\000r\000s\000c\000a\000l\000.\000h}{chapter.7}% 230
\BOOKMARK [1][-]{section.7.79}{\376\377\0007\000.\0007\0009\000\040\000g\000b\000m\000v\000.\000h}{chapter.7}% 231
\BOOKMARK [1][-]{section.7.80}{\376\377\0007\000.\0008\0000\000\040\000g\000b\000m\000v\000.\000h}{chapter.7}% 232
\BOOKMARK [1][-]{section.7.81}{\376\377\0007\000.\0008\0001\000\040\000g\000e\000m\000v\000.\000h}{chapter.7}% 233
\BOOKMARK [1][-]{section.7.82}{\376\377\0007\000.\0008\0002\000\040\000g\000e\000m\000v\000.\000h}{chapter.7}% 234
\BOOKMARK [1][-]{section.7.83}{\376\377\0007\000.\0008\0003\000\040\000g\000e\000m\000v\000.\000h}{chapter.7}% 235
\BOOKMARK [1][-]{section.7.84}{\376\377\0007\000.\0008\0004\000\040\000g\000e\000r\000.\000h}{chapter.7}% 236
\BOOKMARK [1][-]{section.7.85}{\376\377\0007\000.\0008\0005\000\040\000h\000b\000m\000v\000.\000h}{chapter.7}% 237
\BOOKMARK [1][-]{section.7.86}{\376\377\0007\000.\0008\0006\000\040\000h\000e\000m\000v\000.\000h}{chapter.7}% 238
\BOOKMARK [1][-]{section.7.87}{\376\377\0007\000.\0008\0007\000\040\000h\000e\000m\000v\000.\000h}{chapter.7}% 239
\BOOKMARK [1][-]{section.7.88}{\376\377\0007\000.\0008\0008\000\040\000h\000e\000r\000.\000h}{chapter.7}% 240
\BOOKMARK [1][-]{section.7.89}{\376\377\0007\000.\0008\0009\000\040\000h\000e\000r\000.\000h}{chapter.7}% 241
\BOOKMARK [1][-]{section.7.90}{\376\377\0007\000.\0009\0000\000\040\000h\000e\000r\0002\000.\000h}{chapter.7}% 242
\BOOKMARK [1][-]{section.7.91}{\376\377\0007\000.\0009\0001\000\040\000h\000e\000r\0002\000.\000h}{chapter.7}% 243
\BOOKMARK [1][-]{section.7.92}{\376\377\0007\000.\0009\0002\000\040\000h\000p\000m\000v\000.\000h}{chapter.7}% 244
\BOOKMARK [1][-]{section.7.93}{\376\377\0007\000.\0009\0003\000\040\000h\000p\000r\000.\000h}{chapter.7}% 245
\BOOKMARK [1][-]{section.7.94}{\376\377\0007\000.\0009\0004\000\040\000h\000p\000r\0002\000.\000h}{chapter.7}% 246
\BOOKMARK [1][-]{section.7.95}{\376\377\0007\000.\0009\0005\000\040\000l\000e\000v\000e\000l\0002\000.\000h}{chapter.7}% 247
\BOOKMARK [1][-]{section.7.96}{\376\377\0007\000.\0009\0006\000\040\000s\000b\000m\000v\000.\000h}{chapter.7}% 248
\BOOKMARK [1][-]{section.7.97}{\376\377\0007\000.\0009\0007\000\040\000s\000p\000m\000v\000.\000h}{chapter.7}% 249
\BOOKMARK [1][-]{section.7.98}{\376\377\0007\000.\0009\0008\000\040\000s\000p\000r\000.\000h}{chapter.7}% 250
\BOOKMARK [1][-]{section.7.99}{\376\377\0007\000.\0009\0009\000\040\000s\000p\000r\0002\000.\000h}{chapter.7}% 251
\BOOKMARK [1][-]{section.7.100}{\376\377\0007\000.\0001\0000\0000\000\040\000s\000y\000m\000v\000.\000h}{chapter.7}% 252
\BOOKMARK [1][-]{section.7.101}{\376\377\0007\000.\0001\0000\0001\000\040\000s\000y\000m\000v\000.\000h}{chapter.7}% 253
\BOOKMARK [1][-]{section.7.102}{\376\377\0007\000.\0001\0000\0002\000\040\000s\000y\000r\000.\000h}{chapter.7}% 254
\BOOKMARK [1][-]{section.7.103}{\376\377\0007\000.\0001\0000\0003\000\040\000s\000y\000r\0002\000.\000h}{chapter.7}% 255
\BOOKMARK [1][-]{section.7.104}{\376\377\0007\000.\0001\0000\0004\000\040\000t\000b\000m\000v\000.\000h}{chapter.7}% 256
\BOOKMARK [1][-]{section.7.105}{\376\377\0007\000.\0001\0000\0005\000\040\000t\000b\000s\000v\000.\000h}{chapter.7}% 257
\BOOKMARK [1][-]{section.7.106}{\376\377\0007\000.\0001\0000\0006\000\040\000t\000p\000m\000v\000.\000h}{chapter.7}% 258
\BOOKMARK [1][-]{section.7.107}{\376\377\0007\000.\0001\0000\0007\000\040\000t\000p\000s\000v\000.\000h}{chapter.7}% 259
\BOOKMARK [1][-]{section.7.108}{\376\377\0007\000.\0001\0000\0008\000\040\000t\000r\000m\000v\000.\000h}{chapter.7}% 260
\BOOKMARK [1][-]{section.7.109}{\376\377\0007\000.\0001\0000\0009\000\040\000t\000r\000m\000v\000.\000h}{chapter.7}% 261
\BOOKMARK [1][-]{section.7.110}{\376\377\0007\000.\0001\0001\0000\000\040\000t\000r\000s\000v\000.\000h}{chapter.7}% 262
\BOOKMARK [1][-]{section.7.111}{\376\377\0007\000.\0001\0001\0001\000\040\000t\000r\000s\000v\000.\000h}{chapter.7}% 263
\BOOKMARK [1][-]{section.7.112}{\376\377\0007\000.\0001\0001\0002\000\040\000l\000e\000v\000e\000l\0002\000e\000x\000t\000e\000n\000s\000i\000o\000n\000s\000.\000h}{chapter.7}% 264
\BOOKMARK [1][-]{section.7.113}{\376\377\0007\000.\0001\0001\0003\000\040\000g\000e\000m\000m\000.\000h}{chapter.7}% 265
\BOOKMARK [1][-]{section.7.114}{\376\377\0007\000.\0001\0001\0004\000\040\000h\000e\000m\000m\000.\000h}{chapter.7}% 266
\BOOKMARK [1][-]{section.7.115}{\376\377\0007\000.\0001\0001\0005\000\040\000h\000e\000r\0002\000k\000.\000h}{chapter.7}% 267
\BOOKMARK [1][-]{section.7.116}{\376\377\0007\000.\0001\0001\0006\000\040\000h\000e\000r\000k\000.\000h}{chapter.7}% 268
\BOOKMARK [1][-]{section.7.117}{\376\377\0007\000.\0001\0001\0007\000\040\000l\000e\000v\000e\000l\0003\000.\000h}{chapter.7}% 269
\BOOKMARK [1][-]{section.7.118}{\376\377\0007\000.\0001\0001\0008\000\040\000s\000y\000m\000m\000.\000h}{chapter.7}% 270
\BOOKMARK [1][-]{section.7.119}{\376\377\0007\000.\0001\0001\0009\000\040\000s\000y\000r\0002\000k\000.\000h}{chapter.7}% 271
\BOOKMARK [1][-]{section.7.120}{\376\377\0007\000.\0001\0002\0000\000\040\000s\000y\000r\000k\000.\000h}{chapter.7}% 272
\BOOKMARK [1][-]{section.7.121}{\376\377\0007\000.\0001\0002\0001\000\040\000t\000r\000m\000m\000.\000h}{chapter.7}% 273
\BOOKMARK [1][-]{section.7.122}{\376\377\0007\000.\0001\0002\0002\000\040\000t\000r\000s\000m\000.\000h}{chapter.7}% 274
\BOOKMARK [1][-]{section.7.123}{\376\377\0007\000.\0001\0002\0003\000\040\000g\000b\000m\000m\000.\000h}{chapter.7}% 275
\BOOKMARK [1][-]{section.7.124}{\376\377\0007\000.\0001\0002\0004\000\040\000h\000b\000m\000m\000.\000h}{chapter.7}% 276
\BOOKMARK [1][-]{section.7.125}{\376\377\0007\000.\0001\0002\0005\000\040\000l\000e\000v\000e\000l\0003\000e\000x\000t\000e\000n\000s\000i\000o\000n\000s\000.\000h}{chapter.7}% 277
\BOOKMARK [1][-]{section.7.126}{\376\377\0007\000.\0001\0002\0006\000\040\000s\000b\000m\000m\000.\000h}{chapter.7}% 278
\BOOKMARK [1][-]{section.7.127}{\376\377\0007\000.\0001\0002\0007\000\040\000t\000b\000m\000m\000.\000h}{chapter.7}% 279
\BOOKMARK [1][-]{section.7.128}{\376\377\0007\000.\0001\0002\0008\000\040\000g\000e\000c\000r\000s\000m\000v\000.\000h}{chapter.7}% 280
\BOOKMARK [1][-]{section.7.129}{\376\377\0007\000.\0001\0002\0009\000\040\000h\000e\000c\000c\000s\000m\000v\000.\000h}{chapter.7}% 281
\BOOKMARK [1][-]{section.7.130}{\376\377\0007\000.\0001\0003\0000\000\040\000h\000e\000c\000r\000s\000m\000v\000.\000h}{chapter.7}% 282
\BOOKMARK [1][-]{section.7.131}{\376\377\0007\000.\0001\0003\0001\000\040\000s\000p\000a\000r\000s\000e\000l\000e\000v\000e\000l\0002\000.\000h}{chapter.7}% 283
\BOOKMARK [1][-]{section.7.132}{\376\377\0007\000.\0001\0003\0002\000\040\000s\000y\000c\000c\000s\000m\000v\000.\000h}{chapter.7}% 284
\BOOKMARK [1][-]{section.7.133}{\376\377\0007\000.\0001\0003\0003\000\040\000s\000y\000c\000r\000s\000m\000v\000.\000h}{chapter.7}% 285
\BOOKMARK [1][-]{section.7.134}{\376\377\0007\000.\0001\0003\0004\000\040\000t\000r\000c\000c\000s\000s\000v\000.\000h}{chapter.7}% 286
\BOOKMARK [1][-]{section.7.135}{\376\377\0007\000.\0001\0003\0005\000\040\000t\000r\000c\000r\000s\000s\000v\000.\000h}{chapter.7}% 287
\BOOKMARK [1][-]{section.7.136}{\376\377\0007\000.\0001\0003\0006\000\040\000g\000e\000c\000r\000s\000m\000m\000.\000h}{chapter.7}% 288
\BOOKMARK [1][-]{section.7.137}{\376\377\0007\000.\0001\0003\0007\000\040\000h\000e\000c\000c\000s\000m\000m\000.\000h}{chapter.7}% 289
\BOOKMARK [1][-]{section.7.138}{\376\377\0007\000.\0001\0003\0008\000\040\000h\000e\000c\000r\000s\000m\000m\000.\000h}{chapter.7}% 290
\BOOKMARK [1][-]{section.7.139}{\376\377\0007\000.\0001\0003\0009\000\040\000s\000p\000a\000r\000s\000e\000l\000e\000v\000e\000l\0003\000.\000h}{chapter.7}% 291
\BOOKMARK [1][-]{section.7.140}{\376\377\0007\000.\0001\0004\0000\000\040\000s\000y\000c\000c\000s\000m\000m\000.\000h}{chapter.7}% 292
\BOOKMARK [1][-]{section.7.141}{\376\377\0007\000.\0001\0004\0001\000\040\000s\000y\000c\000r\000s\000m\000m\000.\000h}{chapter.7}% 293
\BOOKMARK [1][-]{section.7.142}{\376\377\0007\000.\0001\0004\0002\000\040\000t\000r\000c\000c\000s\000s\000m\000.\000h}{chapter.7}% 294
\BOOKMARK [1][-]{section.7.143}{\376\377\0007\000.\0001\0004\0003\000\040\000t\000r\000c\000r\000s\000s\000m\000.\000h}{chapter.7}% 295
\BOOKMARK [1][-]{section.7.144}{\376\377\0007\000.\0001\0004\0004\000\040\000t\000i\000n\000y\000l\000e\000v\000e\000l\0001\000.\000h}{chapter.7}% 296
\BOOKMARK [1][-]{section.7.145}{\376\377\0007\000.\0001\0004\0005\000\040\000t\000i\000n\000y\000l\000e\000v\000e\000l\0002\000.\000h}{chapter.7}% 297
\BOOKMARK [1][-]{section.7.146}{\376\377\0007\000.\0001\0004\0006\000\040\000t\000y\000p\000e\000d\000e\000f\000s\000.\000h}{chapter.7}% 298
\BOOKMARK [1][-]{section.7.147}{\376\377\0007\000.\0001\0004\0007\000\040\000a\000r\000r\000a\000y\000.\000h\000p\000p}{chapter.7}% 299
\BOOKMARK [1][-]{section.7.148}{\376\377\0007\000.\0001\0004\0008\000\040\000a\000r\000r\000a\000y\000C\000o\000n\000t\000a\000i\000n\000e\000r\000.\000h\000p\000p}{chapter.7}% 300
\BOOKMARK [1][-]{section.7.149}{\376\377\0007\000.\0001\0004\0009\000\040\000a\000s\000s\000i\000g\000n\000O\000p\000s\000.\000h\000p\000p}{chapter.7}% 301
\BOOKMARK [1][-]{section.7.150}{\376\377\0007\000.\0001\0005\0000\000\040\000f\000u\000n\000c\000t\000i\000o\000n\000.\000h\000p\000p}{chapter.7}% 302
\BOOKMARK [1][-]{section.7.151}{\376\377\0007\000.\0001\0005\0001\000\040\000o\000p\000e\000r\000a\000t\000i\000o\000n\000s\000.\000h\000p\000p}{chapter.7}% 303
\BOOKMARK [1][-]{section.7.152}{\376\377\0007\000.\0001\0005\0002\000\040\000s\000i\000z\000e\000t\000y\000p\000e\000.\000h\000p\000p}{chapter.7}% 304
\BOOKMARK [1][-]{section.7.153}{\376\377\0007\000.\0001\0005\0003\000\040\000s\000t\000o\000r\000a\000g\000e\000.\000h\000p\000p}{chapter.7}% 305
\BOOKMARK [1][-]{section.7.154}{\376\377\0007\000.\0001\0005\0004\000\040\000c\000o\000n\000f\000i\000g\000.\000h\000p\000p}{chapter.7}% 306
\BOOKMARK [1][-]{section.7.155}{\376\377\0007\000.\0001\0005\0005\000\040\000c\000o\000r\000e\000.\000h\000p\000p}{chapter.7}% 307
\BOOKMARK [1][-]{section.7.156}{\376\377\0007\000.\0001\0005\0006\000\040\000c\000u\000d\000a\000C\000o\000n\000f\000i\000g\000.\000h\000p\000p}{chapter.7}% 308
\BOOKMARK [1][-]{section.7.157}{\376\377\0007\000.\0001\0005\0007\000\040\000f\000o\000r\000w\000a\000r\000d\000.\000h\000p\000p}{chapter.7}% 309
\BOOKMARK [1][-]{section.7.158}{\376\377\0007\000.\0001\0005\0008\000\040\000g\000e\000n\000e\000r\000i\000c\000C\000o\000n\000f\000i\000g\000.\000h\000p\000p}{chapter.7}% 310
\BOOKMARK [1][-]{section.7.159}{\376\377\0007\000.\0001\0005\0009\000\040\000g\000l\000o\000b\000a\000l\000.\000h\000p\000p}{chapter.7}% 311
\BOOKMARK [1][-]{section.7.160}{\376\377\0007\000.\0001\0006\0000\000\040\000g\000n\000u\000C\000o\000n\000f\000i\000g\000.\000h\000p\000p}{chapter.7}% 312
\BOOKMARK [1][-]{section.7.161}{\376\377\0007\000.\0001\0006\0001\000\040\000h\000e\000l\000p\000e\000r\000M\000a\000c\000r\000o\000s\000.\000h\000p\000p}{chapter.7}% 313
\BOOKMARK [1][-]{section.7.162}{\376\377\0007\000.\0001\0006\0002\000\040\000l\000i\000b\000r\000a\000p\000i\000d\000P\000c\000h\000.\000h\000p\000p}{chapter.7}% 314
\BOOKMARK [1][-]{section.7.163}{\376\377\0007\000.\0001\0006\0003\000\040\000m\000s\000v\000c\000C\000o\000n\000f\000i\000g\000.\000h\000p\000p}{chapter.7}% 315
\BOOKMARK [1][-]{section.7.164}{\376\377\0007\000.\0001\0006\0004\000\040\000p\000r\000e\000M\000a\000i\000n\000.\000h\000p\000p}{chapter.7}% 316
\BOOKMARK [1][-]{section.7.165}{\376\377\0007\000.\0001\0006\0005\000\040\000t\000r\000a\000i\000t\000s\000.\000h\000p\000p}{chapter.7}% 317
\BOOKMARK [1][-]{section.7.166}{\376\377\0007\000.\0001\0006\0006\000\040\000t\000y\000p\000e\000t\000r\000a\000i\000t\000s\000.\000h\000p\000p}{chapter.7}% 318
\BOOKMARK [1][-]{section.7.167}{\376\377\0007\000.\0001\0006\0007\000\040\000w\000a\000r\000n\000i\000n\000g\000S\000u\000p\000p\000r\000e\000s\000s\000.\000h\000p\000p}{chapter.7}% 319
\BOOKMARK [1][-]{section.7.168}{\376\377\0007\000.\0001\0006\0008\000\040\000e\000x\000c\000e\000p\000t\000i\000o\000n\000.\000h}{chapter.7}% 320
\BOOKMARK [1][-]{section.7.169}{\376\377\0007\000.\0001\0006\0009\000\040\000h\000e\000l\000p\000e\000r\000\137\000c\000u\000d\000a\000.\000h}{chapter.7}% 321
\BOOKMARK [1][-]{section.7.170}{\376\377\0007\000.\0001\0007\0000\000\040\000h\000e\000l\000p\000e\000r\000\137\000c\000u\000d\000a\000\137\000d\000r\000v\000a\000p\000i\000.\000h}{chapter.7}% 322
\BOOKMARK [1][-]{section.7.171}{\376\377\0007\000.\0001\0007\0001\000\040\000h\000e\000l\000p\000e\000r\000\137\000c\000u\000s\000o\000l\000v\000e\000r\000.\000h}{chapter.7}% 323
\BOOKMARK [1][-]{section.7.172}{\376\377\0007\000.\0001\0007\0002\000\040\000h\000e\000l\000p\000e\000r\000\137\000f\000u\000n\000c\000t\000i\000o\000n\000s\000.\000h}{chapter.7}% 324
\BOOKMARK [1][-]{section.7.173}{\376\377\0007\000.\0001\0007\0003\000\040\000h\000e\000l\000p\000e\000r\000\137\000i\000m\000a\000g\000e\000.\000h}{chapter.7}% 325
\BOOKMARK [1][-]{section.7.174}{\376\377\0007\000.\0001\0007\0004\000\040\000h\000e\000l\000p\000e\000r\000\137\000m\000a\000t\000h\000.\000h}{chapter.7}% 326
\BOOKMARK [1][-]{section.7.175}{\376\377\0007\000.\0001\0007\0005\000\040\000h\000e\000l\000p\000e\000r\000\137\000m\000u\000l\000t\000i\000p\000r\000o\000c\000e\000s\000s\000.\000h}{chapter.7}% 327
\BOOKMARK [1][-]{section.7.176}{\376\377\0007\000.\0001\0007\0006\000\040\000h\000e\000l\000p\000e\000r\000\137\000s\000t\000r\000i\000n\000g\000.\000h}{chapter.7}% 328
\BOOKMARK [1][-]{section.7.177}{\376\377\0007\000.\0001\0007\0007\000\040\000h\000e\000l\000p\000e\000r\000\137\000t\000i\000m\000e\000r\000.\000h}{chapter.7}% 329
\BOOKMARK [1][-]{section.7.178}{\376\377\0007\000.\0001\0007\0008\000\040\000k\000e\000r\000n\000e\000l\000\137\000h\000e\000a\000d\000e\000r\000.\000h}{chapter.7}% 330
\BOOKMARK [1][-]{section.7.179}{\376\377\0007\000.\0001\0007\0009\000\040\000n\000v\000r\000t\000c\000\137\000h\000e\000l\000p\000e\000r\000.\000h}{chapter.7}% 331
\BOOKMARK [1][-]{section.7.180}{\376\377\0007\000.\0001\0008\0000\000\040\000l\000i\000b\000r\000a\000p\000i\000d\000.\000h\000p\000p}{chapter.7}% 332
\BOOKMARK [1][-]{section.7.181}{\376\377\0007\000.\0001\0008\0001\000\040\000c\000o\000r\000e\000M\000a\000t\000h\000.\000h\000p\000p}{chapter.7}% 333
\BOOKMARK [0][-]{section*.78}{\376\377\000I\000n\000d\000e\000x}{}% 334
